00:02:47.305|INFO|general|This dvas log was started on 2021-02-05 at 18:14:42.261063.
00:02:47.377|INFO|localdb|Update db for following parameters: ['tdtpros1']
00:02:47.378|INFO|rawcsv|Start reading files for 'tdtpros1'
00:02:47.416|INFO|rawcsv|Successful reading of 'tdtpros1' in CSV file '/Users/fvogt/Projects/MCH/UAII2021/dvas/codedev/develop_vof/src/dvas_recipes/uaii22/proc_arena/data/rs/others/C34.PAY_20171024T120000.csv'
00:02:47.416|INFO|rawcsv|Files '/Users/fvogt/Projects/MCH/UAII2021/dvas/codedev/develop_vof/src/dvas_recipes/uaii22/proc_arena/data/rs/others/C34.PAY_20171024T120000.csv' was treated
00:02:47.458|INFO|rawcsv|Successful reading of 'tdtpros1' in CSV file '/Users/fvogt/Projects/MCH/UAII2021/dvas/codedev/develop_vof/src/dvas_recipes/uaii22/proc_arena/data/rs/others/C34.PAY_20170712T000000.csv'
00:02:47.458|INFO|rawcsv|Files '/Users/fvogt/Projects/MCH/UAII2021/dvas/codedev/develop_vof/src/dvas_recipes/uaii22/proc_arena/data/rs/others/C34.PAY_20170712T000000.csv' was treated
00:02:47.503|INFO|rawcsv|Successful reading of 'tdtpros1' in CSV file '/Users/fvogt/Projects/MCH/UAII2021/dvas/codedev/develop_vof/src/dvas_recipes/uaii22/proc_arena/data/rs/others/C50.PAY_20170712T000000.csv'
00:02:47.503|INFO|rawcsv|Files '/Users/fvogt/Projects/MCH/UAII2021/dvas/codedev/develop_vof/src/dvas_recipes/uaii22/proc_arena/data/rs/others/C50.PAY_20170712T000000.csv' was treated
00:02:47.546|INFO|rawcsv|Successful reading of 'tdtpros1' in CSV file '/Users/fvogt/Projects/MCH/UAII2021/dvas/codedev/develop_vof/src/dvas_recipes/uaii22/proc_arena/data/rs/others/C50.PAY_20171024T120000.csv'
00:02:47.547|INFO|rawcsv|Files '/Users/fvogt/Projects/MCH/UAII2021/dvas/codedev/develop_vof/src/dvas_recipes/uaii22/proc_arena/data/rs/others/C50.PAY_20171024T120000.csv' was treated
00:02:47.758|INFO|rawcsv|Files '/Users/fvogt/Projects/MCH/UAII2021/dvas/codedev/develop_vof/src/dvas_recipes/uaii22/proc_arena/data/rs/gdps/PAY-RS-01_2_RS41-GDP-BETA_001_20171024T120000_1-002-001.nc' was treated
00:02:47.771|INFO|rawcsv|Files '/Users/fvogt/Projects/MCH/UAII2021/dvas/codedev/develop_vof/src/dvas_recipes/uaii22/proc_arena/data/rs/gdps/PAY-RS-01_2_RS92-GDP_002_20171024T120000_1-000-001.nc' was treated
00:02:47.783|INFO|rawcsv|Files '/Users/fvogt/Projects/MCH/UAII2021/dvas/codedev/develop_vof/src/dvas_recipes/uaii22/proc_arena/data/rs/gdps/PAY-RS-01_2_RS92-GDP_002_20170712T000000_1-000-001.nc' was treated
00:02:47.988|INFO|rawcsv|Files '/Users/fvogt/Projects/MCH/UAII2021/dvas/codedev/develop_vof/src/dvas_recipes/uaii22/proc_arena/data/rs/gdps/PAY-RS-01_2_RS41-GDP-BETA_001_20170712T000000_1-002-001.nc' was treated
00:02:47.988|INFO|rawcsv|Finish reading files for 'tdtpros1'
00:02:47.988|INFO|rawcsv|Found 8 new data while reading files for 'tdtpros1'
00:02:47.988|INFO|localdb|Start inserting in local DB new found data for 'tdtpros1'
00:02:48.017|INFO|localdb|Finish inserting in local DB new found data for 'tdtpros1'
00:02:48.076|INFO|localdb|Update db for following parameters: ['trepros1']
00:02:48.076|INFO|rawcsv|Start reading files for 'trepros1'
00:02:48.110|INFO|rawcsv|Successful reading of 'trepros1' in CSV file '/Users/fvogt/Projects/MCH/UAII2021/dvas/codedev/develop_vof/src/dvas_recipes/uaii22/proc_arena/data/rs/others/C34.PAY_20171024T120000.csv'
00:02:48.110|INFO|rawcsv|Files '/Users/fvogt/Projects/MCH/UAII2021/dvas/codedev/develop_vof/src/dvas_recipes/uaii22/proc_arena/data/rs/others/C34.PAY_20171024T120000.csv' was treated
00:02:48.146|INFO|rawcsv|Successful reading of 'trepros1' in CSV file '/Users/fvogt/Projects/MCH/UAII2021/dvas/codedev/develop_vof/src/dvas_recipes/uaii22/proc_arena/data/rs/others/C34.PAY_20170712T000000.csv'
00:02:48.146|INFO|rawcsv|Files '/Users/fvogt/Projects/MCH/UAII2021/dvas/codedev/develop_vof/src/dvas_recipes/uaii22/proc_arena/data/rs/others/C34.PAY_20170712T000000.csv' was treated
00:02:48.187|INFO|rawcsv|Successful reading of 'trepros1' in CSV file '/Users/fvogt/Projects/MCH/UAII2021/dvas/codedev/develop_vof/src/dvas_recipes/uaii22/proc_arena/data/rs/others/C50.PAY_20170712T000000.csv'
00:02:48.187|INFO|rawcsv|Files '/Users/fvogt/Projects/MCH/UAII2021/dvas/codedev/develop_vof/src/dvas_recipes/uaii22/proc_arena/data/rs/others/C50.PAY_20170712T000000.csv' was treated
00:02:48.270|INFO|rawcsv|Successful reading of 'trepros1' in CSV file '/Users/fvogt/Projects/MCH/UAII2021/dvas/codedev/develop_vof/src/dvas_recipes/uaii22/proc_arena/data/rs/others/C50.PAY_20171024T120000.csv'
00:02:48.270|INFO|rawcsv|Files '/Users/fvogt/Projects/MCH/UAII2021/dvas/codedev/develop_vof/src/dvas_recipes/uaii22/proc_arena/data/rs/others/C50.PAY_20171024T120000.csv' was treated
00:02:48.484|INFO|rawcsv|Files '/Users/fvogt/Projects/MCH/UAII2021/dvas/codedev/develop_vof/src/dvas_recipes/uaii22/proc_arena/data/rs/gdps/PAY-RS-01_2_RS41-GDP-BETA_001_20171024T120000_1-002-001.nc' was treated
00:02:48.496|INFO|rawcsv|Files '/Users/fvogt/Projects/MCH/UAII2021/dvas/codedev/develop_vof/src/dvas_recipes/uaii22/proc_arena/data/rs/gdps/PAY-RS-01_2_RS92-GDP_002_20171024T120000_1-000-001.nc' was treated
00:02:48.507|INFO|rawcsv|Files '/Users/fvogt/Projects/MCH/UAII2021/dvas/codedev/develop_vof/src/dvas_recipes/uaii22/proc_arena/data/rs/gdps/PAY-RS-01_2_RS92-GDP_002_20170712T000000_1-000-001.nc' was treated
00:02:48.707|INFO|rawcsv|Files '/Users/fvogt/Projects/MCH/UAII2021/dvas/codedev/develop_vof/src/dvas_recipes/uaii22/proc_arena/data/rs/gdps/PAY-RS-01_2_RS41-GDP-BETA_001_20170712T000000_1-002-001.nc' was treated
00:02:48.708|INFO|rawcsv|Finish reading files for 'trepros1'
00:02:48.708|INFO|rawcsv|Found 8 new data while reading files for 'trepros1'
00:02:48.708|INFO|localdb|Start inserting in local DB new found data for 'trepros1'
00:02:48.739|INFO|localdb|Finish inserting in local DB new found data for 'trepros1'
00:02:48.796|INFO|localdb|Update db for following parameters: ['treprosu_r']
00:02:48.796|INFO|rawcsv|Start reading files for 'treprosu_r'
00:02:48.799|WARNING|rawcsv|No data for 'treprosu_r' in file '/Users/fvogt/Projects/MCH/UAII2021/dvas/codedev/develop_vof/src/dvas_recipes/uaii22/proc_arena/data/rs/others/C34.PAY_20171024T120000.csv'
00:02:48.799|INFO|rawcsv|Files '/Users/fvogt/Projects/MCH/UAII2021/dvas/codedev/develop_vof/src/dvas_recipes/uaii22/proc_arena/data/rs/others/C34.PAY_20171024T120000.csv' was treated
00:02:48.803|WARNING|rawcsv|No data for 'treprosu_r' in file '/Users/fvogt/Projects/MCH/UAII2021/dvas/codedev/develop_vof/src/dvas_recipes/uaii22/proc_arena/data/rs/others/C34.PAY_20170712T000000.csv'
00:02:48.803|INFO|rawcsv|Files '/Users/fvogt/Projects/MCH/UAII2021/dvas/codedev/develop_vof/src/dvas_recipes/uaii22/proc_arena/data/rs/others/C34.PAY_20170712T000000.csv' was treated
00:02:48.806|WARNING|rawcsv|No data for 'treprosu_r' in file '/Users/fvogt/Projects/MCH/UAII2021/dvas/codedev/develop_vof/src/dvas_recipes/uaii22/proc_arena/data/rs/others/C50.PAY_20170712T000000.csv'
00:02:48.806|INFO|rawcsv|Files '/Users/fvogt/Projects/MCH/UAII2021/dvas/codedev/develop_vof/src/dvas_recipes/uaii22/proc_arena/data/rs/others/C50.PAY_20170712T000000.csv' was treated
00:02:48.810|WARNING|rawcsv|No data for 'treprosu_r' in file '/Users/fvogt/Projects/MCH/UAII2021/dvas/codedev/develop_vof/src/dvas_recipes/uaii22/proc_arena/data/rs/others/C50.PAY_20171024T120000.csv'
00:02:48.810|INFO|rawcsv|Files '/Users/fvogt/Projects/MCH/UAII2021/dvas/codedev/develop_vof/src/dvas_recipes/uaii22/proc_arena/data/rs/others/C50.PAY_20171024T120000.csv' was treated
00:02:49.011|INFO|rawcsv|Files '/Users/fvogt/Projects/MCH/UAII2021/dvas/codedev/develop_vof/src/dvas_recipes/uaii22/proc_arena/data/rs/gdps/PAY-RS-01_2_RS41-GDP-BETA_001_20171024T120000_1-002-001.nc' was treated
00:02:49.022|INFO|rawcsv|Files '/Users/fvogt/Projects/MCH/UAII2021/dvas/codedev/develop_vof/src/dvas_recipes/uaii22/proc_arena/data/rs/gdps/PAY-RS-01_2_RS92-GDP_002_20171024T120000_1-000-001.nc' was treated
00:02:49.033|INFO|rawcsv|Files '/Users/fvogt/Projects/MCH/UAII2021/dvas/codedev/develop_vof/src/dvas_recipes/uaii22/proc_arena/data/rs/gdps/PAY-RS-01_2_RS92-GDP_002_20170712T000000_1-000-001.nc' was treated
00:02:49.233|INFO|rawcsv|Files '/Users/fvogt/Projects/MCH/UAII2021/dvas/codedev/develop_vof/src/dvas_recipes/uaii22/proc_arena/data/rs/gdps/PAY-RS-01_2_RS41-GDP-BETA_001_20170712T000000_1-002-001.nc' was treated
00:02:49.233|INFO|rawcsv|Finish reading files for 'treprosu_r'
00:02:49.233|INFO|rawcsv|Found 8 new data while reading files for 'treprosu_r'
00:02:49.233|INFO|localdb|Start inserting in local DB new found data for 'treprosu_r'
00:02:49.261|INFO|localdb|Finish inserting in local DB new found data for 'treprosu_r'
00:02:49.326|INFO|localdb|Update db for following parameters: ['treprosu_s']
00:02:49.326|INFO|rawcsv|Start reading files for 'treprosu_s'
00:02:49.330|WARNING|rawcsv|No data for 'treprosu_s' in file '/Users/fvogt/Projects/MCH/UAII2021/dvas/codedev/develop_vof/src/dvas_recipes/uaii22/proc_arena/data/rs/others/C34.PAY_20171024T120000.csv'
00:02:49.330|INFO|rawcsv|Files '/Users/fvogt/Projects/MCH/UAII2021/dvas/codedev/develop_vof/src/dvas_recipes/uaii22/proc_arena/data/rs/others/C34.PAY_20171024T120000.csv' was treated
00:02:49.334|WARNING|rawcsv|No data for 'treprosu_s' in file '/Users/fvogt/Projects/MCH/UAII2021/dvas/codedev/develop_vof/src/dvas_recipes/uaii22/proc_arena/data/rs/others/C34.PAY_20170712T000000.csv'
00:02:49.334|INFO|rawcsv|Files '/Users/fvogt/Projects/MCH/UAII2021/dvas/codedev/develop_vof/src/dvas_recipes/uaii22/proc_arena/data/rs/others/C34.PAY_20170712T000000.csv' was treated
00:02:49.337|WARNING|rawcsv|No data for 'treprosu_s' in file '/Users/fvogt/Projects/MCH/UAII2021/dvas/codedev/develop_vof/src/dvas_recipes/uaii22/proc_arena/data/rs/others/C50.PAY_20170712T000000.csv'
00:02:49.337|INFO|rawcsv|Files '/Users/fvogt/Projects/MCH/UAII2021/dvas/codedev/develop_vof/src/dvas_recipes/uaii22/proc_arena/data/rs/others/C50.PAY_20170712T000000.csv' was treated
00:02:49.341|WARNING|rawcsv|No data for 'treprosu_s' in file '/Users/fvogt/Projects/MCH/UAII2021/dvas/codedev/develop_vof/src/dvas_recipes/uaii22/proc_arena/data/rs/others/C50.PAY_20171024T120000.csv'
00:02:49.341|INFO|rawcsv|Files '/Users/fvogt/Projects/MCH/UAII2021/dvas/codedev/develop_vof/src/dvas_recipes/uaii22/proc_arena/data/rs/others/C50.PAY_20171024T120000.csv' was treated
00:02:49.541|INFO|rawcsv|Files '/Users/fvogt/Projects/MCH/UAII2021/dvas/codedev/develop_vof/src/dvas_recipes/uaii22/proc_arena/data/rs/gdps/PAY-RS-01_2_RS41-GDP-BETA_001_20171024T120000_1-002-001.nc' was treated
00:02:49.544|WARNING|rawcsv|No data for 'treprosu_s' in file '/Users/fvogt/Projects/MCH/UAII2021/dvas/codedev/develop_vof/src/dvas_recipes/uaii22/proc_arena/data/rs/gdps/PAY-RS-01_2_RS92-GDP_002_20171024T120000_1-000-001.nc'
00:02:49.544|INFO|rawcsv|Files '/Users/fvogt/Projects/MCH/UAII2021/dvas/codedev/develop_vof/src/dvas_recipes/uaii22/proc_arena/data/rs/gdps/PAY-RS-01_2_RS92-GDP_002_20171024T120000_1-000-001.nc' was treated
00:02:49.546|WARNING|rawcsv|No data for 'treprosu_s' in file '/Users/fvogt/Projects/MCH/UAII2021/dvas/codedev/develop_vof/src/dvas_recipes/uaii22/proc_arena/data/rs/gdps/PAY-RS-01_2_RS92-GDP_002_20170712T000000_1-000-001.nc'
00:02:49.546|INFO|rawcsv|Files '/Users/fvogt/Projects/MCH/UAII2021/dvas/codedev/develop_vof/src/dvas_recipes/uaii22/proc_arena/data/rs/gdps/PAY-RS-01_2_RS92-GDP_002_20170712T000000_1-000-001.nc' was treated
00:02:49.748|INFO|rawcsv|Files '/Users/fvogt/Projects/MCH/UAII2021/dvas/codedev/develop_vof/src/dvas_recipes/uaii22/proc_arena/data/rs/gdps/PAY-RS-01_2_RS41-GDP-BETA_001_20170712T000000_1-002-001.nc' was treated
00:02:49.748|INFO|rawcsv|Finish reading files for 'treprosu_s'
00:02:49.748|INFO|rawcsv|Found 8 new data while reading files for 'treprosu_s'
00:02:49.748|INFO|localdb|Start inserting in local DB new found data for 'treprosu_s'
00:02:49.777|INFO|localdb|Finish inserting in local DB new found data for 'treprosu_s'
00:02:49.834|INFO|localdb|Update db for following parameters: ['treprosu_t']
00:02:49.835|INFO|rawcsv|Start reading files for 'treprosu_t'
00:02:49.838|WARNING|rawcsv|No data for 'treprosu_t' in file '/Users/fvogt/Projects/MCH/UAII2021/dvas/codedev/develop_vof/src/dvas_recipes/uaii22/proc_arena/data/rs/others/C34.PAY_20171024T120000.csv'
00:02:49.838|INFO|rawcsv|Files '/Users/fvogt/Projects/MCH/UAII2021/dvas/codedev/develop_vof/src/dvas_recipes/uaii22/proc_arena/data/rs/others/C34.PAY_20171024T120000.csv' was treated
00:02:49.842|WARNING|rawcsv|No data for 'treprosu_t' in file '/Users/fvogt/Projects/MCH/UAII2021/dvas/codedev/develop_vof/src/dvas_recipes/uaii22/proc_arena/data/rs/others/C34.PAY_20170712T000000.csv'
00:02:49.842|INFO|rawcsv|Files '/Users/fvogt/Projects/MCH/UAII2021/dvas/codedev/develop_vof/src/dvas_recipes/uaii22/proc_arena/data/rs/others/C34.PAY_20170712T000000.csv' was treated
00:02:49.845|WARNING|rawcsv|No data for 'treprosu_t' in file '/Users/fvogt/Projects/MCH/UAII2021/dvas/codedev/develop_vof/src/dvas_recipes/uaii22/proc_arena/data/rs/others/C50.PAY_20170712T000000.csv'
00:02:49.845|INFO|rawcsv|Files '/Users/fvogt/Projects/MCH/UAII2021/dvas/codedev/develop_vof/src/dvas_recipes/uaii22/proc_arena/data/rs/others/C50.PAY_20170712T000000.csv' was treated
00:02:49.848|WARNING|rawcsv|No data for 'treprosu_t' in file '/Users/fvogt/Projects/MCH/UAII2021/dvas/codedev/develop_vof/src/dvas_recipes/uaii22/proc_arena/data/rs/others/C50.PAY_20171024T120000.csv'
00:02:49.848|INFO|rawcsv|Files '/Users/fvogt/Projects/MCH/UAII2021/dvas/codedev/develop_vof/src/dvas_recipes/uaii22/proc_arena/data/rs/others/C50.PAY_20171024T120000.csv' was treated
00:02:50.047|INFO|rawcsv|Files '/Users/fvogt/Projects/MCH/UAII2021/dvas/codedev/develop_vof/src/dvas_recipes/uaii22/proc_arena/data/rs/gdps/PAY-RS-01_2_RS41-GDP-BETA_001_20171024T120000_1-002-001.nc' was treated
00:02:50.058|INFO|rawcsv|Files '/Users/fvogt/Projects/MCH/UAII2021/dvas/codedev/develop_vof/src/dvas_recipes/uaii22/proc_arena/data/rs/gdps/PAY-RS-01_2_RS92-GDP_002_20171024T120000_1-000-001.nc' was treated
00:02:50.069|INFO|rawcsv|Files '/Users/fvogt/Projects/MCH/UAII2021/dvas/codedev/develop_vof/src/dvas_recipes/uaii22/proc_arena/data/rs/gdps/PAY-RS-01_2_RS92-GDP_002_20170712T000000_1-000-001.nc' was treated
00:02:50.270|INFO|rawcsv|Files '/Users/fvogt/Projects/MCH/UAII2021/dvas/codedev/develop_vof/src/dvas_recipes/uaii22/proc_arena/data/rs/gdps/PAY-RS-01_2_RS41-GDP-BETA_001_20170712T000000_1-002-001.nc' was treated
00:02:50.271|INFO|rawcsv|Finish reading files for 'treprosu_t'
00:02:50.271|INFO|rawcsv|Found 8 new data while reading files for 'treprosu_t'
00:02:50.271|INFO|localdb|Start inserting in local DB new found data for 'treprosu_t'
00:02:50.299|INFO|localdb|Finish inserting in local DB new found data for 'treprosu_t'
00:02:50.356|INFO|localdb|Update db for following parameters: ['altpros1']
00:02:50.357|INFO|rawcsv|Start reading files for 'altpros1'
00:02:50.391|INFO|rawcsv|Successful reading of 'altpros1' in CSV file '/Users/fvogt/Projects/MCH/UAII2021/dvas/codedev/develop_vof/src/dvas_recipes/uaii22/proc_arena/data/rs/others/C34.PAY_20171024T120000.csv'
00:02:50.391|INFO|rawcsv|Files '/Users/fvogt/Projects/MCH/UAII2021/dvas/codedev/develop_vof/src/dvas_recipes/uaii22/proc_arena/data/rs/others/C34.PAY_20171024T120000.csv' was treated
00:02:50.426|INFO|rawcsv|Successful reading of 'altpros1' in CSV file '/Users/fvogt/Projects/MCH/UAII2021/dvas/codedev/develop_vof/src/dvas_recipes/uaii22/proc_arena/data/rs/others/C34.PAY_20170712T000000.csv'
00:02:50.426|INFO|rawcsv|Files '/Users/fvogt/Projects/MCH/UAII2021/dvas/codedev/develop_vof/src/dvas_recipes/uaii22/proc_arena/data/rs/others/C34.PAY_20170712T000000.csv' was treated
00:02:50.464|INFO|rawcsv|Successful reading of 'altpros1' in CSV file '/Users/fvogt/Projects/MCH/UAII2021/dvas/codedev/develop_vof/src/dvas_recipes/uaii22/proc_arena/data/rs/others/C50.PAY_20170712T000000.csv'
00:02:50.464|INFO|rawcsv|Files '/Users/fvogt/Projects/MCH/UAII2021/dvas/codedev/develop_vof/src/dvas_recipes/uaii22/proc_arena/data/rs/others/C50.PAY_20170712T000000.csv' was treated
00:02:50.504|INFO|rawcsv|Successful reading of 'altpros1' in CSV file '/Users/fvogt/Projects/MCH/UAII2021/dvas/codedev/develop_vof/src/dvas_recipes/uaii22/proc_arena/data/rs/others/C50.PAY_20171024T120000.csv'
00:02:50.505|INFO|rawcsv|Files '/Users/fvogt/Projects/MCH/UAII2021/dvas/codedev/develop_vof/src/dvas_recipes/uaii22/proc_arena/data/rs/others/C50.PAY_20171024T120000.csv' was treated
00:02:50.708|INFO|rawcsv|Files '/Users/fvogt/Projects/MCH/UAII2021/dvas/codedev/develop_vof/src/dvas_recipes/uaii22/proc_arena/data/rs/gdps/PAY-RS-01_2_RS41-GDP-BETA_001_20171024T120000_1-002-001.nc' was treated
00:02:50.719|INFO|rawcsv|Files '/Users/fvogt/Projects/MCH/UAII2021/dvas/codedev/develop_vof/src/dvas_recipes/uaii22/proc_arena/data/rs/gdps/PAY-RS-01_2_RS92-GDP_002_20171024T120000_1-000-001.nc' was treated
00:02:50.731|INFO|rawcsv|Files '/Users/fvogt/Projects/MCH/UAII2021/dvas/codedev/develop_vof/src/dvas_recipes/uaii22/proc_arena/data/rs/gdps/PAY-RS-01_2_RS92-GDP_002_20170712T000000_1-000-001.nc' was treated
00:02:50.931|INFO|rawcsv|Files '/Users/fvogt/Projects/MCH/UAII2021/dvas/codedev/develop_vof/src/dvas_recipes/uaii22/proc_arena/data/rs/gdps/PAY-RS-01_2_RS41-GDP-BETA_001_20170712T000000_1-002-001.nc' was treated
00:02:50.931|INFO|rawcsv|Finish reading files for 'altpros1'
00:02:50.931|INFO|rawcsv|Found 8 new data while reading files for 'altpros1'
00:02:50.931|INFO|localdb|Start inserting in local DB new found data for 'altpros1'
00:02:50.960|INFO|localdb|Finish inserting in local DB new found data for 'altpros1'
00:02:51.293|INFO|recipes|oids: [[1], [4], [5], [6]]
00:02:51.293|INFO|recipes|is_gdp: [False, False, True, True]
00:02:51.293|INFO|recipes|sync_shifts: [0, 14, 4, -1]
00:02:51.293|INFO|recipes|sync_length: 5690
