00:00:26.751|INFO|general|This dvas log was started on 2021-02-05 at 16:52:08.172002.
00:00:26.832|INFO|localdb|Update db for following parameters: ['tdtpros1']
00:00:26.833|INFO|rawcsv|Start reading files for 'tdtpros1'
00:00:26.878|INFO|rawcsv|Successful reading of 'tdtpros1' in CSV file '/Users/fvogt/Projects/MCH/UAII2021/dvas/codedev/develop_vof/src/dvas_recipes/uaii22/proc_arena/data/rs/others/RS41.PAY_20171024T120000.txt'
00:00:26.878|INFO|rawcsv|Files '/Users/fvogt/Projects/MCH/UAII2021/dvas/codedev/develop_vof/src/dvas_recipes/uaii22/proc_arena/data/rs/others/RS41.PAY_20171024T120000.txt' was treated
00:00:26.920|INFO|rawcsv|Successful reading of 'tdtpros1' in CSV file '/Users/fvogt/Projects/MCH/UAII2021/dvas/codedev/develop_vof/src/dvas_recipes/uaii22/proc_arena/data/rs/others/C34.PAY_20171024T120000.csv'
00:00:26.921|INFO|rawcsv|Files '/Users/fvogt/Projects/MCH/UAII2021/dvas/codedev/develop_vof/src/dvas_recipes/uaii22/proc_arena/data/rs/others/C34.PAY_20171024T120000.csv' was treated
00:00:26.947|INFO|rawcsv|Successful reading of 'tdtpros1' in CSV file '/Users/fvogt/Projects/MCH/UAII2021/dvas/codedev/develop_vof/src/dvas_recipes/uaii22/proc_arena/data/rs/others/RS92.PAY_20171024T120000.txt'
00:00:26.947|INFO|rawcsv|Files '/Users/fvogt/Projects/MCH/UAII2021/dvas/codedev/develop_vof/src/dvas_recipes/uaii22/proc_arena/data/rs/others/RS92.PAY_20171024T120000.txt' was treated
00:00:27.026|INFO|rawcsv|Successful reading of 'tdtpros1' in CSV file '/Users/fvogt/Projects/MCH/UAII2021/dvas/codedev/develop_vof/src/dvas_recipes/uaii22/proc_arena/data/rs/others/C34.PAY_20170712T000000.csv'
00:00:27.026|INFO|rawcsv|Files '/Users/fvogt/Projects/MCH/UAII2021/dvas/codedev/develop_vof/src/dvas_recipes/uaii22/proc_arena/data/rs/others/C34.PAY_20170712T000000.csv' was treated
00:00:27.055|INFO|rawcsv|Successful reading of 'tdtpros1' in CSV file '/Users/fvogt/Projects/MCH/UAII2021/dvas/codedev/develop_vof/src/dvas_recipes/uaii22/proc_arena/data/rs/others/RS92.PAY_20170712T000000.txt'
00:00:27.055|INFO|rawcsv|Files '/Users/fvogt/Projects/MCH/UAII2021/dvas/codedev/develop_vof/src/dvas_recipes/uaii22/proc_arena/data/rs/others/RS92.PAY_20170712T000000.txt' was treated
00:00:27.100|INFO|rawcsv|Successful reading of 'tdtpros1' in CSV file '/Users/fvogt/Projects/MCH/UAII2021/dvas/codedev/develop_vof/src/dvas_recipes/uaii22/proc_arena/data/rs/others/RS41.PAY_20170712T000000.txt'
00:00:27.101|INFO|rawcsv|Files '/Users/fvogt/Projects/MCH/UAII2021/dvas/codedev/develop_vof/src/dvas_recipes/uaii22/proc_arena/data/rs/others/RS41.PAY_20170712T000000.txt' was treated
00:00:27.142|INFO|rawcsv|Successful reading of 'tdtpros1' in CSV file '/Users/fvogt/Projects/MCH/UAII2021/dvas/codedev/develop_vof/src/dvas_recipes/uaii22/proc_arena/data/rs/others/C50.PAY_20170712T000000.csv'
00:00:27.142|INFO|rawcsv|Files '/Users/fvogt/Projects/MCH/UAII2021/dvas/codedev/develop_vof/src/dvas_recipes/uaii22/proc_arena/data/rs/others/C50.PAY_20170712T000000.csv' was treated
00:00:27.183|INFO|rawcsv|Successful reading of 'tdtpros1' in CSV file '/Users/fvogt/Projects/MCH/UAII2021/dvas/codedev/develop_vof/src/dvas_recipes/uaii22/proc_arena/data/rs/others/C50.PAY_20171024T120000.csv'
00:00:27.183|INFO|rawcsv|Files '/Users/fvogt/Projects/MCH/UAII2021/dvas/codedev/develop_vof/src/dvas_recipes/uaii22/proc_arena/data/rs/others/C50.PAY_20171024T120000.csv' was treated
00:00:27.391|INFO|rawcsv|Files '/Users/fvogt/Projects/MCH/UAII2021/dvas/codedev/develop_vof/src/dvas_recipes/uaii22/proc_arena/data/rs/gdps/PAY-RS-01_2_RS41-GDP-BETA_001_20171024T120000_1-002-001.nc' was treated
00:00:27.402|INFO|rawcsv|Files '/Users/fvogt/Projects/MCH/UAII2021/dvas/codedev/develop_vof/src/dvas_recipes/uaii22/proc_arena/data/rs/gdps/PAY-RS-01_2_RS92-GDP_002_20171024T120000_1-000-001.nc' was treated
00:00:27.413|INFO|rawcsv|Files '/Users/fvogt/Projects/MCH/UAII2021/dvas/codedev/develop_vof/src/dvas_recipes/uaii22/proc_arena/data/rs/gdps/PAY-RS-01_2_RS92-GDP_002_20170712T000000_1-000-001.nc' was treated
00:00:27.617|INFO|rawcsv|Files '/Users/fvogt/Projects/MCH/UAII2021/dvas/codedev/develop_vof/src/dvas_recipes/uaii22/proc_arena/data/rs/gdps/PAY-RS-01_2_RS41-GDP-BETA_001_20170712T000000_1-002-001.nc' was treated
00:00:27.617|INFO|rawcsv|Finish reading files for 'tdtpros1'
00:00:27.617|INFO|rawcsv|Found 12 new data while reading files for 'tdtpros1'
00:00:27.617|INFO|localdb|Start inserting in local DB new found data for 'tdtpros1'
00:00:27.663|INFO|localdb|Finish inserting in local DB new found data for 'tdtpros1'
00:00:27.721|INFO|localdb|Update db for following parameters: ['trepros1']
00:00:27.721|INFO|rawcsv|Start reading files for 'trepros1'
00:00:27.758|INFO|rawcsv|Successful reading of 'trepros1' in CSV file '/Users/fvogt/Projects/MCH/UAII2021/dvas/codedev/develop_vof/src/dvas_recipes/uaii22/proc_arena/data/rs/others/RS41.PAY_20171024T120000.txt'
00:00:27.758|INFO|rawcsv|Files '/Users/fvogt/Projects/MCH/UAII2021/dvas/codedev/develop_vof/src/dvas_recipes/uaii22/proc_arena/data/rs/others/RS41.PAY_20171024T120000.txt' was treated
00:00:27.794|INFO|rawcsv|Successful reading of 'trepros1' in CSV file '/Users/fvogt/Projects/MCH/UAII2021/dvas/codedev/develop_vof/src/dvas_recipes/uaii22/proc_arena/data/rs/others/C34.PAY_20171024T120000.csv'
00:00:27.794|INFO|rawcsv|Files '/Users/fvogt/Projects/MCH/UAII2021/dvas/codedev/develop_vof/src/dvas_recipes/uaii22/proc_arena/data/rs/others/C34.PAY_20171024T120000.csv' was treated
00:00:27.816|INFO|rawcsv|Successful reading of 'trepros1' in CSV file '/Users/fvogt/Projects/MCH/UAII2021/dvas/codedev/develop_vof/src/dvas_recipes/uaii22/proc_arena/data/rs/others/RS92.PAY_20171024T120000.txt'
00:00:27.816|INFO|rawcsv|Files '/Users/fvogt/Projects/MCH/UAII2021/dvas/codedev/develop_vof/src/dvas_recipes/uaii22/proc_arena/data/rs/others/RS92.PAY_20171024T120000.txt' was treated
00:00:27.890|INFO|rawcsv|Successful reading of 'trepros1' in CSV file '/Users/fvogt/Projects/MCH/UAII2021/dvas/codedev/develop_vof/src/dvas_recipes/uaii22/proc_arena/data/rs/others/C34.PAY_20170712T000000.csv'
00:00:27.890|INFO|rawcsv|Files '/Users/fvogt/Projects/MCH/UAII2021/dvas/codedev/develop_vof/src/dvas_recipes/uaii22/proc_arena/data/rs/others/C34.PAY_20170712T000000.csv' was treated
00:00:27.920|INFO|rawcsv|Successful reading of 'trepros1' in CSV file '/Users/fvogt/Projects/MCH/UAII2021/dvas/codedev/develop_vof/src/dvas_recipes/uaii22/proc_arena/data/rs/others/RS92.PAY_20170712T000000.txt'
00:00:27.920|INFO|rawcsv|Files '/Users/fvogt/Projects/MCH/UAII2021/dvas/codedev/develop_vof/src/dvas_recipes/uaii22/proc_arena/data/rs/others/RS92.PAY_20170712T000000.txt' was treated
00:00:27.963|INFO|rawcsv|Successful reading of 'trepros1' in CSV file '/Users/fvogt/Projects/MCH/UAII2021/dvas/codedev/develop_vof/src/dvas_recipes/uaii22/proc_arena/data/rs/others/RS41.PAY_20170712T000000.txt'
00:00:27.963|INFO|rawcsv|Files '/Users/fvogt/Projects/MCH/UAII2021/dvas/codedev/develop_vof/src/dvas_recipes/uaii22/proc_arena/data/rs/others/RS41.PAY_20170712T000000.txt' was treated
00:00:27.999|INFO|rawcsv|Successful reading of 'trepros1' in CSV file '/Users/fvogt/Projects/MCH/UAII2021/dvas/codedev/develop_vof/src/dvas_recipes/uaii22/proc_arena/data/rs/others/C50.PAY_20170712T000000.csv'
00:00:27.999|INFO|rawcsv|Files '/Users/fvogt/Projects/MCH/UAII2021/dvas/codedev/develop_vof/src/dvas_recipes/uaii22/proc_arena/data/rs/others/C50.PAY_20170712T000000.csv' was treated
00:00:28.037|INFO|rawcsv|Successful reading of 'trepros1' in CSV file '/Users/fvogt/Projects/MCH/UAII2021/dvas/codedev/develop_vof/src/dvas_recipes/uaii22/proc_arena/data/rs/others/C50.PAY_20171024T120000.csv'
00:00:28.037|INFO|rawcsv|Files '/Users/fvogt/Projects/MCH/UAII2021/dvas/codedev/develop_vof/src/dvas_recipes/uaii22/proc_arena/data/rs/others/C50.PAY_20171024T120000.csv' was treated
00:00:28.240|INFO|rawcsv|Files '/Users/fvogt/Projects/MCH/UAII2021/dvas/codedev/develop_vof/src/dvas_recipes/uaii22/proc_arena/data/rs/gdps/PAY-RS-01_2_RS41-GDP-BETA_001_20171024T120000_1-002-001.nc' was treated
00:00:28.252|INFO|rawcsv|Files '/Users/fvogt/Projects/MCH/UAII2021/dvas/codedev/develop_vof/src/dvas_recipes/uaii22/proc_arena/data/rs/gdps/PAY-RS-01_2_RS92-GDP_002_20171024T120000_1-000-001.nc' was treated
00:00:28.263|INFO|rawcsv|Files '/Users/fvogt/Projects/MCH/UAII2021/dvas/codedev/develop_vof/src/dvas_recipes/uaii22/proc_arena/data/rs/gdps/PAY-RS-01_2_RS92-GDP_002_20170712T000000_1-000-001.nc' was treated
00:00:28.463|INFO|rawcsv|Files '/Users/fvogt/Projects/MCH/UAII2021/dvas/codedev/develop_vof/src/dvas_recipes/uaii22/proc_arena/data/rs/gdps/PAY-RS-01_2_RS41-GDP-BETA_001_20170712T000000_1-002-001.nc' was treated
00:00:28.463|INFO|rawcsv|Finish reading files for 'trepros1'
00:00:28.463|INFO|rawcsv|Found 12 new data while reading files for 'trepros1'
00:00:28.463|INFO|localdb|Start inserting in local DB new found data for 'trepros1'
00:00:28.508|INFO|localdb|Finish inserting in local DB new found data for 'trepros1'
00:00:28.565|INFO|localdb|Update db for following parameters: ['treprosu_r']
00:00:28.565|INFO|rawcsv|Start reading files for 'treprosu_r'
00:00:28.568|WARNING|rawcsv|No data for 'treprosu_r' in file '/Users/fvogt/Projects/MCH/UAII2021/dvas/codedev/develop_vof/src/dvas_recipes/uaii22/proc_arena/data/rs/others/RS41.PAY_20171024T120000.txt'
00:00:28.569|INFO|rawcsv|Files '/Users/fvogt/Projects/MCH/UAII2021/dvas/codedev/develop_vof/src/dvas_recipes/uaii22/proc_arena/data/rs/others/RS41.PAY_20171024T120000.txt' was treated
00:00:28.572|WARNING|rawcsv|No data for 'treprosu_r' in file '/Users/fvogt/Projects/MCH/UAII2021/dvas/codedev/develop_vof/src/dvas_recipes/uaii22/proc_arena/data/rs/others/C34.PAY_20171024T120000.csv'
00:00:28.572|INFO|rawcsv|Files '/Users/fvogt/Projects/MCH/UAII2021/dvas/codedev/develop_vof/src/dvas_recipes/uaii22/proc_arena/data/rs/others/C34.PAY_20171024T120000.csv' was treated
00:00:28.575|WARNING|rawcsv|No data for 'treprosu_r' in file '/Users/fvogt/Projects/MCH/UAII2021/dvas/codedev/develop_vof/src/dvas_recipes/uaii22/proc_arena/data/rs/others/RS92.PAY_20171024T120000.txt'
00:00:28.576|INFO|rawcsv|Files '/Users/fvogt/Projects/MCH/UAII2021/dvas/codedev/develop_vof/src/dvas_recipes/uaii22/proc_arena/data/rs/others/RS92.PAY_20171024T120000.txt' was treated
00:00:28.579|WARNING|rawcsv|No data for 'treprosu_r' in file '/Users/fvogt/Projects/MCH/UAII2021/dvas/codedev/develop_vof/src/dvas_recipes/uaii22/proc_arena/data/rs/others/C34.PAY_20170712T000000.csv'
00:00:28.579|INFO|rawcsv|Files '/Users/fvogt/Projects/MCH/UAII2021/dvas/codedev/develop_vof/src/dvas_recipes/uaii22/proc_arena/data/rs/others/C34.PAY_20170712T000000.csv' was treated
00:00:28.582|WARNING|rawcsv|No data for 'treprosu_r' in file '/Users/fvogt/Projects/MCH/UAII2021/dvas/codedev/develop_vof/src/dvas_recipes/uaii22/proc_arena/data/rs/others/RS92.PAY_20170712T000000.txt'
00:00:28.582|INFO|rawcsv|Files '/Users/fvogt/Projects/MCH/UAII2021/dvas/codedev/develop_vof/src/dvas_recipes/uaii22/proc_arena/data/rs/others/RS92.PAY_20170712T000000.txt' was treated
00:00:28.585|WARNING|rawcsv|No data for 'treprosu_r' in file '/Users/fvogt/Projects/MCH/UAII2021/dvas/codedev/develop_vof/src/dvas_recipes/uaii22/proc_arena/data/rs/others/RS41.PAY_20170712T000000.txt'
00:00:28.585|INFO|rawcsv|Files '/Users/fvogt/Projects/MCH/UAII2021/dvas/codedev/develop_vof/src/dvas_recipes/uaii22/proc_arena/data/rs/others/RS41.PAY_20170712T000000.txt' was treated
00:00:28.588|WARNING|rawcsv|No data for 'treprosu_r' in file '/Users/fvogt/Projects/MCH/UAII2021/dvas/codedev/develop_vof/src/dvas_recipes/uaii22/proc_arena/data/rs/others/C50.PAY_20170712T000000.csv'
00:00:28.588|INFO|rawcsv|Files '/Users/fvogt/Projects/MCH/UAII2021/dvas/codedev/develop_vof/src/dvas_recipes/uaii22/proc_arena/data/rs/others/C50.PAY_20170712T000000.csv' was treated
00:00:28.592|WARNING|rawcsv|No data for 'treprosu_r' in file '/Users/fvogt/Projects/MCH/UAII2021/dvas/codedev/develop_vof/src/dvas_recipes/uaii22/proc_arena/data/rs/others/C50.PAY_20171024T120000.csv'
00:00:28.592|INFO|rawcsv|Files '/Users/fvogt/Projects/MCH/UAII2021/dvas/codedev/develop_vof/src/dvas_recipes/uaii22/proc_arena/data/rs/others/C50.PAY_20171024T120000.csv' was treated
00:00:28.794|INFO|rawcsv|Files '/Users/fvogt/Projects/MCH/UAII2021/dvas/codedev/develop_vof/src/dvas_recipes/uaii22/proc_arena/data/rs/gdps/PAY-RS-01_2_RS41-GDP-BETA_001_20171024T120000_1-002-001.nc' was treated
00:00:28.806|INFO|rawcsv|Files '/Users/fvogt/Projects/MCH/UAII2021/dvas/codedev/develop_vof/src/dvas_recipes/uaii22/proc_arena/data/rs/gdps/PAY-RS-01_2_RS92-GDP_002_20171024T120000_1-000-001.nc' was treated
00:00:28.817|INFO|rawcsv|Files '/Users/fvogt/Projects/MCH/UAII2021/dvas/codedev/develop_vof/src/dvas_recipes/uaii22/proc_arena/data/rs/gdps/PAY-RS-01_2_RS92-GDP_002_20170712T000000_1-000-001.nc' was treated
00:00:29.025|INFO|rawcsv|Files '/Users/fvogt/Projects/MCH/UAII2021/dvas/codedev/develop_vof/src/dvas_recipes/uaii22/proc_arena/data/rs/gdps/PAY-RS-01_2_RS41-GDP-BETA_001_20170712T000000_1-002-001.nc' was treated
00:00:29.025|INFO|rawcsv|Finish reading files for 'treprosu_r'
00:00:29.025|INFO|rawcsv|Found 12 new data while reading files for 'treprosu_r'
00:00:29.025|INFO|localdb|Start inserting in local DB new found data for 'treprosu_r'
00:00:29.069|INFO|localdb|Finish inserting in local DB new found data for 'treprosu_r'
00:00:29.126|INFO|localdb|Update db for following parameters: ['treprosu_s']
00:00:29.127|INFO|rawcsv|Start reading files for 'treprosu_s'
00:00:29.130|WARNING|rawcsv|No data for 'treprosu_s' in file '/Users/fvogt/Projects/MCH/UAII2021/dvas/codedev/develop_vof/src/dvas_recipes/uaii22/proc_arena/data/rs/others/RS41.PAY_20171024T120000.txt'
00:00:29.130|INFO|rawcsv|Files '/Users/fvogt/Projects/MCH/UAII2021/dvas/codedev/develop_vof/src/dvas_recipes/uaii22/proc_arena/data/rs/others/RS41.PAY_20171024T120000.txt' was treated
00:00:29.133|WARNING|rawcsv|No data for 'treprosu_s' in file '/Users/fvogt/Projects/MCH/UAII2021/dvas/codedev/develop_vof/src/dvas_recipes/uaii22/proc_arena/data/rs/others/C34.PAY_20171024T120000.csv'
00:00:29.133|INFO|rawcsv|Files '/Users/fvogt/Projects/MCH/UAII2021/dvas/codedev/develop_vof/src/dvas_recipes/uaii22/proc_arena/data/rs/others/C34.PAY_20171024T120000.csv' was treated
00:00:29.136|WARNING|rawcsv|No data for 'treprosu_s' in file '/Users/fvogt/Projects/MCH/UAII2021/dvas/codedev/develop_vof/src/dvas_recipes/uaii22/proc_arena/data/rs/others/RS92.PAY_20171024T120000.txt'
00:00:29.137|INFO|rawcsv|Files '/Users/fvogt/Projects/MCH/UAII2021/dvas/codedev/develop_vof/src/dvas_recipes/uaii22/proc_arena/data/rs/others/RS92.PAY_20171024T120000.txt' was treated
00:00:29.140|WARNING|rawcsv|No data for 'treprosu_s' in file '/Users/fvogt/Projects/MCH/UAII2021/dvas/codedev/develop_vof/src/dvas_recipes/uaii22/proc_arena/data/rs/others/C34.PAY_20170712T000000.csv'
00:00:29.140|INFO|rawcsv|Files '/Users/fvogt/Projects/MCH/UAII2021/dvas/codedev/develop_vof/src/dvas_recipes/uaii22/proc_arena/data/rs/others/C34.PAY_20170712T000000.csv' was treated
00:00:29.143|WARNING|rawcsv|No data for 'treprosu_s' in file '/Users/fvogt/Projects/MCH/UAII2021/dvas/codedev/develop_vof/src/dvas_recipes/uaii22/proc_arena/data/rs/others/RS92.PAY_20170712T000000.txt'
00:00:29.143|INFO|rawcsv|Files '/Users/fvogt/Projects/MCH/UAII2021/dvas/codedev/develop_vof/src/dvas_recipes/uaii22/proc_arena/data/rs/others/RS92.PAY_20170712T000000.txt' was treated
00:00:29.147|WARNING|rawcsv|No data for 'treprosu_s' in file '/Users/fvogt/Projects/MCH/UAII2021/dvas/codedev/develop_vof/src/dvas_recipes/uaii22/proc_arena/data/rs/others/RS41.PAY_20170712T000000.txt'
00:00:29.147|INFO|rawcsv|Files '/Users/fvogt/Projects/MCH/UAII2021/dvas/codedev/develop_vof/src/dvas_recipes/uaii22/proc_arena/data/rs/others/RS41.PAY_20170712T000000.txt' was treated
00:00:29.150|WARNING|rawcsv|No data for 'treprosu_s' in file '/Users/fvogt/Projects/MCH/UAII2021/dvas/codedev/develop_vof/src/dvas_recipes/uaii22/proc_arena/data/rs/others/C50.PAY_20170712T000000.csv'
00:00:29.150|INFO|rawcsv|Files '/Users/fvogt/Projects/MCH/UAII2021/dvas/codedev/develop_vof/src/dvas_recipes/uaii22/proc_arena/data/rs/others/C50.PAY_20170712T000000.csv' was treated
00:00:29.153|WARNING|rawcsv|No data for 'treprosu_s' in file '/Users/fvogt/Projects/MCH/UAII2021/dvas/codedev/develop_vof/src/dvas_recipes/uaii22/proc_arena/data/rs/others/C50.PAY_20171024T120000.csv'
00:00:29.153|INFO|rawcsv|Files '/Users/fvogt/Projects/MCH/UAII2021/dvas/codedev/develop_vof/src/dvas_recipes/uaii22/proc_arena/data/rs/others/C50.PAY_20171024T120000.csv' was treated
00:00:29.357|INFO|rawcsv|Files '/Users/fvogt/Projects/MCH/UAII2021/dvas/codedev/develop_vof/src/dvas_recipes/uaii22/proc_arena/data/rs/gdps/PAY-RS-01_2_RS41-GDP-BETA_001_20171024T120000_1-002-001.nc' was treated
00:00:29.360|WARNING|rawcsv|No data for 'treprosu_s' in file '/Users/fvogt/Projects/MCH/UAII2021/dvas/codedev/develop_vof/src/dvas_recipes/uaii22/proc_arena/data/rs/gdps/PAY-RS-01_2_RS92-GDP_002_20171024T120000_1-000-001.nc'
00:00:29.360|INFO|rawcsv|Files '/Users/fvogt/Projects/MCH/UAII2021/dvas/codedev/develop_vof/src/dvas_recipes/uaii22/proc_arena/data/rs/gdps/PAY-RS-01_2_RS92-GDP_002_20171024T120000_1-000-001.nc' was treated
00:00:29.362|WARNING|rawcsv|No data for 'treprosu_s' in file '/Users/fvogt/Projects/MCH/UAII2021/dvas/codedev/develop_vof/src/dvas_recipes/uaii22/proc_arena/data/rs/gdps/PAY-RS-01_2_RS92-GDP_002_20170712T000000_1-000-001.nc'
00:00:29.362|INFO|rawcsv|Files '/Users/fvogt/Projects/MCH/UAII2021/dvas/codedev/develop_vof/src/dvas_recipes/uaii22/proc_arena/data/rs/gdps/PAY-RS-01_2_RS92-GDP_002_20170712T000000_1-000-001.nc' was treated
00:00:29.564|INFO|rawcsv|Files '/Users/fvogt/Projects/MCH/UAII2021/dvas/codedev/develop_vof/src/dvas_recipes/uaii22/proc_arena/data/rs/gdps/PAY-RS-01_2_RS41-GDP-BETA_001_20170712T000000_1-002-001.nc' was treated
00:00:29.564|INFO|rawcsv|Finish reading files for 'treprosu_s'
00:00:29.564|INFO|rawcsv|Found 12 new data while reading files for 'treprosu_s'
00:00:29.564|INFO|localdb|Start inserting in local DB new found data for 'treprosu_s'
00:00:29.608|INFO|localdb|Finish inserting in local DB new found data for 'treprosu_s'
00:00:29.666|INFO|localdb|Update db for following parameters: ['treprosu_t']
00:00:29.667|INFO|rawcsv|Start reading files for 'treprosu_t'
00:00:29.670|WARNING|rawcsv|No data for 'treprosu_t' in file '/Users/fvogt/Projects/MCH/UAII2021/dvas/codedev/develop_vof/src/dvas_recipes/uaii22/proc_arena/data/rs/others/RS41.PAY_20171024T120000.txt'
00:00:29.670|INFO|rawcsv|Files '/Users/fvogt/Projects/MCH/UAII2021/dvas/codedev/develop_vof/src/dvas_recipes/uaii22/proc_arena/data/rs/others/RS41.PAY_20171024T120000.txt' was treated
00:00:29.674|WARNING|rawcsv|No data for 'treprosu_t' in file '/Users/fvogt/Projects/MCH/UAII2021/dvas/codedev/develop_vof/src/dvas_recipes/uaii22/proc_arena/data/rs/others/C34.PAY_20171024T120000.csv'
00:00:29.674|INFO|rawcsv|Files '/Users/fvogt/Projects/MCH/UAII2021/dvas/codedev/develop_vof/src/dvas_recipes/uaii22/proc_arena/data/rs/others/C34.PAY_20171024T120000.csv' was treated
00:00:29.677|WARNING|rawcsv|No data for 'treprosu_t' in file '/Users/fvogt/Projects/MCH/UAII2021/dvas/codedev/develop_vof/src/dvas_recipes/uaii22/proc_arena/data/rs/others/RS92.PAY_20171024T120000.txt'
00:00:29.677|INFO|rawcsv|Files '/Users/fvogt/Projects/MCH/UAII2021/dvas/codedev/develop_vof/src/dvas_recipes/uaii22/proc_arena/data/rs/others/RS92.PAY_20171024T120000.txt' was treated
00:00:29.680|WARNING|rawcsv|No data for 'treprosu_t' in file '/Users/fvogt/Projects/MCH/UAII2021/dvas/codedev/develop_vof/src/dvas_recipes/uaii22/proc_arena/data/rs/others/C34.PAY_20170712T000000.csv'
00:00:29.680|INFO|rawcsv|Files '/Users/fvogt/Projects/MCH/UAII2021/dvas/codedev/develop_vof/src/dvas_recipes/uaii22/proc_arena/data/rs/others/C34.PAY_20170712T000000.csv' was treated
00:00:29.683|WARNING|rawcsv|No data for 'treprosu_t' in file '/Users/fvogt/Projects/MCH/UAII2021/dvas/codedev/develop_vof/src/dvas_recipes/uaii22/proc_arena/data/rs/others/RS92.PAY_20170712T000000.txt'
00:00:29.684|INFO|rawcsv|Files '/Users/fvogt/Projects/MCH/UAII2021/dvas/codedev/develop_vof/src/dvas_recipes/uaii22/proc_arena/data/rs/others/RS92.PAY_20170712T000000.txt' was treated
00:00:29.687|WARNING|rawcsv|No data for 'treprosu_t' in file '/Users/fvogt/Projects/MCH/UAII2021/dvas/codedev/develop_vof/src/dvas_recipes/uaii22/proc_arena/data/rs/others/RS41.PAY_20170712T000000.txt'
00:00:29.687|INFO|rawcsv|Files '/Users/fvogt/Projects/MCH/UAII2021/dvas/codedev/develop_vof/src/dvas_recipes/uaii22/proc_arena/data/rs/others/RS41.PAY_20170712T000000.txt' was treated
00:00:29.690|WARNING|rawcsv|No data for 'treprosu_t' in file '/Users/fvogt/Projects/MCH/UAII2021/dvas/codedev/develop_vof/src/dvas_recipes/uaii22/proc_arena/data/rs/others/C50.PAY_20170712T000000.csv'
00:00:29.690|INFO|rawcsv|Files '/Users/fvogt/Projects/MCH/UAII2021/dvas/codedev/develop_vof/src/dvas_recipes/uaii22/proc_arena/data/rs/others/C50.PAY_20170712T000000.csv' was treated
00:00:29.694|WARNING|rawcsv|No data for 'treprosu_t' in file '/Users/fvogt/Projects/MCH/UAII2021/dvas/codedev/develop_vof/src/dvas_recipes/uaii22/proc_arena/data/rs/others/C50.PAY_20171024T120000.csv'
00:00:29.694|INFO|rawcsv|Files '/Users/fvogt/Projects/MCH/UAII2021/dvas/codedev/develop_vof/src/dvas_recipes/uaii22/proc_arena/data/rs/others/C50.PAY_20171024T120000.csv' was treated
00:00:29.897|INFO|rawcsv|Files '/Users/fvogt/Projects/MCH/UAII2021/dvas/codedev/develop_vof/src/dvas_recipes/uaii22/proc_arena/data/rs/gdps/PAY-RS-01_2_RS41-GDP-BETA_001_20171024T120000_1-002-001.nc' was treated
00:00:29.908|INFO|rawcsv|Files '/Users/fvogt/Projects/MCH/UAII2021/dvas/codedev/develop_vof/src/dvas_recipes/uaii22/proc_arena/data/rs/gdps/PAY-RS-01_2_RS92-GDP_002_20171024T120000_1-000-001.nc' was treated
00:00:29.919|INFO|rawcsv|Files '/Users/fvogt/Projects/MCH/UAII2021/dvas/codedev/develop_vof/src/dvas_recipes/uaii22/proc_arena/data/rs/gdps/PAY-RS-01_2_RS92-GDP_002_20170712T000000_1-000-001.nc' was treated
00:00:30.121|INFO|rawcsv|Files '/Users/fvogt/Projects/MCH/UAII2021/dvas/codedev/develop_vof/src/dvas_recipes/uaii22/proc_arena/data/rs/gdps/PAY-RS-01_2_RS41-GDP-BETA_001_20170712T000000_1-002-001.nc' was treated
00:00:30.121|INFO|rawcsv|Finish reading files for 'treprosu_t'
00:00:30.121|INFO|rawcsv|Found 12 new data while reading files for 'treprosu_t'
00:00:30.121|INFO|localdb|Start inserting in local DB new found data for 'treprosu_t'
00:00:30.165|INFO|localdb|Finish inserting in local DB new found data for 'treprosu_t'
00:00:30.222|INFO|localdb|Update db for following parameters: ['altpros1']
00:00:30.222|INFO|rawcsv|Start reading files for 'altpros1'
00:00:30.259|INFO|rawcsv|Successful reading of 'altpros1' in CSV file '/Users/fvogt/Projects/MCH/UAII2021/dvas/codedev/develop_vof/src/dvas_recipes/uaii22/proc_arena/data/rs/others/RS41.PAY_20171024T120000.txt'
00:00:30.259|INFO|rawcsv|Files '/Users/fvogt/Projects/MCH/UAII2021/dvas/codedev/develop_vof/src/dvas_recipes/uaii22/proc_arena/data/rs/others/RS41.PAY_20171024T120000.txt' was treated
00:00:30.294|INFO|rawcsv|Successful reading of 'altpros1' in CSV file '/Users/fvogt/Projects/MCH/UAII2021/dvas/codedev/develop_vof/src/dvas_recipes/uaii22/proc_arena/data/rs/others/C34.PAY_20171024T120000.csv'
00:00:30.294|INFO|rawcsv|Files '/Users/fvogt/Projects/MCH/UAII2021/dvas/codedev/develop_vof/src/dvas_recipes/uaii22/proc_arena/data/rs/others/C34.PAY_20171024T120000.csv' was treated
00:00:30.354|INFO|rawcsv|Successful reading of 'altpros1' in CSV file '/Users/fvogt/Projects/MCH/UAII2021/dvas/codedev/develop_vof/src/dvas_recipes/uaii22/proc_arena/data/rs/others/RS92.PAY_20171024T120000.txt'
00:00:30.354|INFO|rawcsv|Files '/Users/fvogt/Projects/MCH/UAII2021/dvas/codedev/develop_vof/src/dvas_recipes/uaii22/proc_arena/data/rs/others/RS92.PAY_20171024T120000.txt' was treated
00:00:30.399|INFO|rawcsv|Successful reading of 'altpros1' in CSV file '/Users/fvogt/Projects/MCH/UAII2021/dvas/codedev/develop_vof/src/dvas_recipes/uaii22/proc_arena/data/rs/others/C34.PAY_20170712T000000.csv'
00:00:30.399|INFO|rawcsv|Files '/Users/fvogt/Projects/MCH/UAII2021/dvas/codedev/develop_vof/src/dvas_recipes/uaii22/proc_arena/data/rs/others/C34.PAY_20170712T000000.csv' was treated
00:00:30.426|INFO|rawcsv|Successful reading of 'altpros1' in CSV file '/Users/fvogt/Projects/MCH/UAII2021/dvas/codedev/develop_vof/src/dvas_recipes/uaii22/proc_arena/data/rs/others/RS92.PAY_20170712T000000.txt'
00:00:30.426|INFO|rawcsv|Files '/Users/fvogt/Projects/MCH/UAII2021/dvas/codedev/develop_vof/src/dvas_recipes/uaii22/proc_arena/data/rs/others/RS92.PAY_20170712T000000.txt' was treated
00:00:30.467|INFO|rawcsv|Successful reading of 'altpros1' in CSV file '/Users/fvogt/Projects/MCH/UAII2021/dvas/codedev/develop_vof/src/dvas_recipes/uaii22/proc_arena/data/rs/others/RS41.PAY_20170712T000000.txt'
00:00:30.467|INFO|rawcsv|Files '/Users/fvogt/Projects/MCH/UAII2021/dvas/codedev/develop_vof/src/dvas_recipes/uaii22/proc_arena/data/rs/others/RS41.PAY_20170712T000000.txt' was treated
00:00:30.503|INFO|rawcsv|Successful reading of 'altpros1' in CSV file '/Users/fvogt/Projects/MCH/UAII2021/dvas/codedev/develop_vof/src/dvas_recipes/uaii22/proc_arena/data/rs/others/C50.PAY_20170712T000000.csv'
00:00:30.503|INFO|rawcsv|Files '/Users/fvogt/Projects/MCH/UAII2021/dvas/codedev/develop_vof/src/dvas_recipes/uaii22/proc_arena/data/rs/others/C50.PAY_20170712T000000.csv' was treated
00:00:30.541|INFO|rawcsv|Successful reading of 'altpros1' in CSV file '/Users/fvogt/Projects/MCH/UAII2021/dvas/codedev/develop_vof/src/dvas_recipes/uaii22/proc_arena/data/rs/others/C50.PAY_20171024T120000.csv'
00:00:30.541|INFO|rawcsv|Files '/Users/fvogt/Projects/MCH/UAII2021/dvas/codedev/develop_vof/src/dvas_recipes/uaii22/proc_arena/data/rs/others/C50.PAY_20171024T120000.csv' was treated
00:00:30.748|INFO|rawcsv|Files '/Users/fvogt/Projects/MCH/UAII2021/dvas/codedev/develop_vof/src/dvas_recipes/uaii22/proc_arena/data/rs/gdps/PAY-RS-01_2_RS41-GDP-BETA_001_20171024T120000_1-002-001.nc' was treated
00:00:30.759|INFO|rawcsv|Files '/Users/fvogt/Projects/MCH/UAII2021/dvas/codedev/develop_vof/src/dvas_recipes/uaii22/proc_arena/data/rs/gdps/PAY-RS-01_2_RS92-GDP_002_20171024T120000_1-000-001.nc' was treated
00:00:30.770|INFO|rawcsv|Files '/Users/fvogt/Projects/MCH/UAII2021/dvas/codedev/develop_vof/src/dvas_recipes/uaii22/proc_arena/data/rs/gdps/PAY-RS-01_2_RS92-GDP_002_20170712T000000_1-000-001.nc' was treated
00:00:30.976|INFO|rawcsv|Files '/Users/fvogt/Projects/MCH/UAII2021/dvas/codedev/develop_vof/src/dvas_recipes/uaii22/proc_arena/data/rs/gdps/PAY-RS-01_2_RS41-GDP-BETA_001_20170712T000000_1-002-001.nc' was treated
00:00:30.976|INFO|rawcsv|Finish reading files for 'altpros1'
00:00:30.976|INFO|rawcsv|Found 12 new data while reading files for 'altpros1'
00:00:30.976|INFO|localdb|Start inserting in local DB new found data for 'altpros1'
00:00:31.019|INFO|localdb|Finish inserting in local DB new found data for 'altpros1'
00:00:52.237|WARNING|recipes|Test
00:11:48.495|WARNING|localdb|Empty search 'and_(tag('e:80611'),tag('r:1'),tag('raw'))' for 'trepros1
00:11:48.497|WARNING|localdb|Empty search 'and_(tag('e:80611'),tag('r:1'),tag('raw'))' for 'tdtpros1
00:11:48.498|WARNING|localdb|Empty search 'and_(tag('e:80611'),tag('r:1'),tag('raw'))' for 'altpros1
