00:00:07.472|INFO|general|This dvas log was started on 2021-02-05 at 18:02:53.058388.
00:00:07.895|INFO|localdb|Update db for following parameters: ['tdtpros1']
00:00:07.896|INFO|rawcsv|Start reading files for 'tdtpros1'
00:00:07.934|INFO|rawcsv|Successful reading of 'tdtpros1' in CSV file '/Users/fvogt/Projects/MCH/UAII2021/dvas/codedev/develop_vof/src/dvas_recipes/uaii22/proc_arena/data/rs/others/C34.PAY_20171024T120000.csv'
00:00:07.935|INFO|rawcsv|Files '/Users/fvogt/Projects/MCH/UAII2021/dvas/codedev/develop_vof/src/dvas_recipes/uaii22/proc_arena/data/rs/others/C34.PAY_20171024T120000.csv' was treated
00:00:07.972|INFO|rawcsv|Successful reading of 'tdtpros1' in CSV file '/Users/fvogt/Projects/MCH/UAII2021/dvas/codedev/develop_vof/src/dvas_recipes/uaii22/proc_arena/data/rs/others/C34.PAY_20170712T000000.csv'
00:00:07.972|INFO|rawcsv|Files '/Users/fvogt/Projects/MCH/UAII2021/dvas/codedev/develop_vof/src/dvas_recipes/uaii22/proc_arena/data/rs/others/C34.PAY_20170712T000000.csv' was treated
00:00:08.018|INFO|rawcsv|Successful reading of 'tdtpros1' in CSV file '/Users/fvogt/Projects/MCH/UAII2021/dvas/codedev/develop_vof/src/dvas_recipes/uaii22/proc_arena/data/rs/others/C50.PAY_20170712T000000.csv'
00:00:08.018|INFO|rawcsv|Files '/Users/fvogt/Projects/MCH/UAII2021/dvas/codedev/develop_vof/src/dvas_recipes/uaii22/proc_arena/data/rs/others/C50.PAY_20170712T000000.csv' was treated
00:00:08.059|INFO|rawcsv|Successful reading of 'tdtpros1' in CSV file '/Users/fvogt/Projects/MCH/UAII2021/dvas/codedev/develop_vof/src/dvas_recipes/uaii22/proc_arena/data/rs/others/C50.PAY_20171024T120000.csv'
00:00:08.059|INFO|rawcsv|Files '/Users/fvogt/Projects/MCH/UAII2021/dvas/codedev/develop_vof/src/dvas_recipes/uaii22/proc_arena/data/rs/others/C50.PAY_20171024T120000.csv' was treated
00:00:08.260|INFO|rawcsv|Files '/Users/fvogt/Projects/MCH/UAII2021/dvas/codedev/develop_vof/src/dvas_recipes/uaii22/proc_arena/data/rs/gdps/PAY-RS-01_2_RS41-GDP-BETA_001_20171024T120000_1-002-001.nc' was treated
00:00:08.272|INFO|rawcsv|Files '/Users/fvogt/Projects/MCH/UAII2021/dvas/codedev/develop_vof/src/dvas_recipes/uaii22/proc_arena/data/rs/gdps/PAY-RS-01_2_RS92-GDP_002_20171024T120000_1-000-001.nc' was treated
00:00:08.283|INFO|rawcsv|Files '/Users/fvogt/Projects/MCH/UAII2021/dvas/codedev/develop_vof/src/dvas_recipes/uaii22/proc_arena/data/rs/gdps/PAY-RS-01_2_RS92-GDP_002_20170712T000000_1-000-001.nc' was treated
00:00:08.480|INFO|rawcsv|Files '/Users/fvogt/Projects/MCH/UAII2021/dvas/codedev/develop_vof/src/dvas_recipes/uaii22/proc_arena/data/rs/gdps/PAY-RS-01_2_RS41-GDP-BETA_001_20170712T000000_1-002-001.nc' was treated
00:00:08.480|INFO|rawcsv|Finish reading files for 'tdtpros1'
00:00:08.480|INFO|rawcsv|Found 8 new data while reading files for 'tdtpros1'
00:00:08.480|INFO|localdb|Start inserting in local DB new found data for 'tdtpros1'
00:00:09.504|INFO|localdb|Finish inserting in local DB new found data for 'tdtpros1'
00:00:09.568|INFO|localdb|Update db for following parameters: ['trepros1']
00:00:09.569|INFO|rawcsv|Start reading files for 'trepros1'
00:00:09.644|INFO|rawcsv|Successful reading of 'trepros1' in CSV file '/Users/fvogt/Projects/MCH/UAII2021/dvas/codedev/develop_vof/src/dvas_recipes/uaii22/proc_arena/data/rs/others/C34.PAY_20171024T120000.csv'
00:00:09.645|INFO|rawcsv|Files '/Users/fvogt/Projects/MCH/UAII2021/dvas/codedev/develop_vof/src/dvas_recipes/uaii22/proc_arena/data/rs/others/C34.PAY_20171024T120000.csv' was treated
00:00:09.688|INFO|rawcsv|Successful reading of 'trepros1' in CSV file '/Users/fvogt/Projects/MCH/UAII2021/dvas/codedev/develop_vof/src/dvas_recipes/uaii22/proc_arena/data/rs/others/C34.PAY_20170712T000000.csv'
00:00:09.688|INFO|rawcsv|Files '/Users/fvogt/Projects/MCH/UAII2021/dvas/codedev/develop_vof/src/dvas_recipes/uaii22/proc_arena/data/rs/others/C34.PAY_20170712T000000.csv' was treated
00:00:09.728|INFO|rawcsv|Successful reading of 'trepros1' in CSV file '/Users/fvogt/Projects/MCH/UAII2021/dvas/codedev/develop_vof/src/dvas_recipes/uaii22/proc_arena/data/rs/others/C50.PAY_20170712T000000.csv'
00:00:09.729|INFO|rawcsv|Files '/Users/fvogt/Projects/MCH/UAII2021/dvas/codedev/develop_vof/src/dvas_recipes/uaii22/proc_arena/data/rs/others/C50.PAY_20170712T000000.csv' was treated
00:00:09.767|INFO|rawcsv|Successful reading of 'trepros1' in CSV file '/Users/fvogt/Projects/MCH/UAII2021/dvas/codedev/develop_vof/src/dvas_recipes/uaii22/proc_arena/data/rs/others/C50.PAY_20171024T120000.csv'
00:00:09.767|INFO|rawcsv|Files '/Users/fvogt/Projects/MCH/UAII2021/dvas/codedev/develop_vof/src/dvas_recipes/uaii22/proc_arena/data/rs/others/C50.PAY_20171024T120000.csv' was treated
00:00:09.965|INFO|rawcsv|Files '/Users/fvogt/Projects/MCH/UAII2021/dvas/codedev/develop_vof/src/dvas_recipes/uaii22/proc_arena/data/rs/gdps/PAY-RS-01_2_RS41-GDP-BETA_001_20171024T120000_1-002-001.nc' was treated
00:00:09.977|INFO|rawcsv|Files '/Users/fvogt/Projects/MCH/UAII2021/dvas/codedev/develop_vof/src/dvas_recipes/uaii22/proc_arena/data/rs/gdps/PAY-RS-01_2_RS92-GDP_002_20171024T120000_1-000-001.nc' was treated
00:00:09.988|INFO|rawcsv|Files '/Users/fvogt/Projects/MCH/UAII2021/dvas/codedev/develop_vof/src/dvas_recipes/uaii22/proc_arena/data/rs/gdps/PAY-RS-01_2_RS92-GDP_002_20170712T000000_1-000-001.nc' was treated
00:00:10.186|INFO|rawcsv|Files '/Users/fvogt/Projects/MCH/UAII2021/dvas/codedev/develop_vof/src/dvas_recipes/uaii22/proc_arena/data/rs/gdps/PAY-RS-01_2_RS41-GDP-BETA_001_20170712T000000_1-002-001.nc' was treated
00:00:10.187|INFO|rawcsv|Finish reading files for 'trepros1'
00:00:10.187|INFO|rawcsv|Found 8 new data while reading files for 'trepros1'
00:00:10.187|INFO|localdb|Start inserting in local DB new found data for 'trepros1'
00:00:11.326|INFO|localdb|Finish inserting in local DB new found data for 'trepros1'
00:00:11.388|INFO|localdb|Update db for following parameters: ['treprosu_r']
00:00:11.388|INFO|rawcsv|Start reading files for 'treprosu_r'
00:00:11.392|WARNING|rawcsv|No data for 'treprosu_r' in file '/Users/fvogt/Projects/MCH/UAII2021/dvas/codedev/develop_vof/src/dvas_recipes/uaii22/proc_arena/data/rs/others/C34.PAY_20171024T120000.csv'
00:00:11.392|INFO|rawcsv|Files '/Users/fvogt/Projects/MCH/UAII2021/dvas/codedev/develop_vof/src/dvas_recipes/uaii22/proc_arena/data/rs/others/C34.PAY_20171024T120000.csv' was treated
00:00:11.395|WARNING|rawcsv|No data for 'treprosu_r' in file '/Users/fvogt/Projects/MCH/UAII2021/dvas/codedev/develop_vof/src/dvas_recipes/uaii22/proc_arena/data/rs/others/C34.PAY_20170712T000000.csv'
00:00:11.395|INFO|rawcsv|Files '/Users/fvogt/Projects/MCH/UAII2021/dvas/codedev/develop_vof/src/dvas_recipes/uaii22/proc_arena/data/rs/others/C34.PAY_20170712T000000.csv' was treated
00:00:11.399|WARNING|rawcsv|No data for 'treprosu_r' in file '/Users/fvogt/Projects/MCH/UAII2021/dvas/codedev/develop_vof/src/dvas_recipes/uaii22/proc_arena/data/rs/others/C50.PAY_20170712T000000.csv'
00:00:11.399|INFO|rawcsv|Files '/Users/fvogt/Projects/MCH/UAII2021/dvas/codedev/develop_vof/src/dvas_recipes/uaii22/proc_arena/data/rs/others/C50.PAY_20170712T000000.csv' was treated
00:00:11.402|WARNING|rawcsv|No data for 'treprosu_r' in file '/Users/fvogt/Projects/MCH/UAII2021/dvas/codedev/develop_vof/src/dvas_recipes/uaii22/proc_arena/data/rs/others/C50.PAY_20171024T120000.csv'
00:00:11.402|INFO|rawcsv|Files '/Users/fvogt/Projects/MCH/UAII2021/dvas/codedev/develop_vof/src/dvas_recipes/uaii22/proc_arena/data/rs/others/C50.PAY_20171024T120000.csv' was treated
00:00:11.603|INFO|rawcsv|Files '/Users/fvogt/Projects/MCH/UAII2021/dvas/codedev/develop_vof/src/dvas_recipes/uaii22/proc_arena/data/rs/gdps/PAY-RS-01_2_RS41-GDP-BETA_001_20171024T120000_1-002-001.nc' was treated
00:00:11.615|INFO|rawcsv|Files '/Users/fvogt/Projects/MCH/UAII2021/dvas/codedev/develop_vof/src/dvas_recipes/uaii22/proc_arena/data/rs/gdps/PAY-RS-01_2_RS92-GDP_002_20171024T120000_1-000-001.nc' was treated
00:00:11.626|INFO|rawcsv|Files '/Users/fvogt/Projects/MCH/UAII2021/dvas/codedev/develop_vof/src/dvas_recipes/uaii22/proc_arena/data/rs/gdps/PAY-RS-01_2_RS92-GDP_002_20170712T000000_1-000-001.nc' was treated
00:00:11.824|INFO|rawcsv|Files '/Users/fvogt/Projects/MCH/UAII2021/dvas/codedev/develop_vof/src/dvas_recipes/uaii22/proc_arena/data/rs/gdps/PAY-RS-01_2_RS41-GDP-BETA_001_20170712T000000_1-002-001.nc' was treated
00:00:11.825|INFO|rawcsv|Finish reading files for 'treprosu_r'
00:00:11.825|INFO|rawcsv|Found 8 new data while reading files for 'treprosu_r'
00:00:11.825|INFO|localdb|Start inserting in local DB new found data for 'treprosu_r'
00:00:12.354|INFO|localdb|Finish inserting in local DB new found data for 'treprosu_r'
00:00:12.417|INFO|localdb|Update db for following parameters: ['treprosu_s']
00:00:12.418|INFO|rawcsv|Start reading files for 'treprosu_s'
00:00:12.422|WARNING|rawcsv|No data for 'treprosu_s' in file '/Users/fvogt/Projects/MCH/UAII2021/dvas/codedev/develop_vof/src/dvas_recipes/uaii22/proc_arena/data/rs/others/C34.PAY_20171024T120000.csv'
00:00:12.422|INFO|rawcsv|Files '/Users/fvogt/Projects/MCH/UAII2021/dvas/codedev/develop_vof/src/dvas_recipes/uaii22/proc_arena/data/rs/others/C34.PAY_20171024T120000.csv' was treated
00:00:12.426|WARNING|rawcsv|No data for 'treprosu_s' in file '/Users/fvogt/Projects/MCH/UAII2021/dvas/codedev/develop_vof/src/dvas_recipes/uaii22/proc_arena/data/rs/others/C34.PAY_20170712T000000.csv'
00:00:12.426|INFO|rawcsv|Files '/Users/fvogt/Projects/MCH/UAII2021/dvas/codedev/develop_vof/src/dvas_recipes/uaii22/proc_arena/data/rs/others/C34.PAY_20170712T000000.csv' was treated
00:00:12.429|WARNING|rawcsv|No data for 'treprosu_s' in file '/Users/fvogt/Projects/MCH/UAII2021/dvas/codedev/develop_vof/src/dvas_recipes/uaii22/proc_arena/data/rs/others/C50.PAY_20170712T000000.csv'
00:00:12.429|INFO|rawcsv|Files '/Users/fvogt/Projects/MCH/UAII2021/dvas/codedev/develop_vof/src/dvas_recipes/uaii22/proc_arena/data/rs/others/C50.PAY_20170712T000000.csv' was treated
00:00:12.433|WARNING|rawcsv|No data for 'treprosu_s' in file '/Users/fvogt/Projects/MCH/UAII2021/dvas/codedev/develop_vof/src/dvas_recipes/uaii22/proc_arena/data/rs/others/C50.PAY_20171024T120000.csv'
00:00:12.434|INFO|rawcsv|Files '/Users/fvogt/Projects/MCH/UAII2021/dvas/codedev/develop_vof/src/dvas_recipes/uaii22/proc_arena/data/rs/others/C50.PAY_20171024T120000.csv' was treated
00:00:12.636|INFO|rawcsv|Files '/Users/fvogt/Projects/MCH/UAII2021/dvas/codedev/develop_vof/src/dvas_recipes/uaii22/proc_arena/data/rs/gdps/PAY-RS-01_2_RS41-GDP-BETA_001_20171024T120000_1-002-001.nc' was treated
00:00:12.639|WARNING|rawcsv|No data for 'treprosu_s' in file '/Users/fvogt/Projects/MCH/UAII2021/dvas/codedev/develop_vof/src/dvas_recipes/uaii22/proc_arena/data/rs/gdps/PAY-RS-01_2_RS92-GDP_002_20171024T120000_1-000-001.nc'
00:00:12.639|INFO|rawcsv|Files '/Users/fvogt/Projects/MCH/UAII2021/dvas/codedev/develop_vof/src/dvas_recipes/uaii22/proc_arena/data/rs/gdps/PAY-RS-01_2_RS92-GDP_002_20171024T120000_1-000-001.nc' was treated
00:00:12.641|WARNING|rawcsv|No data for 'treprosu_s' in file '/Users/fvogt/Projects/MCH/UAII2021/dvas/codedev/develop_vof/src/dvas_recipes/uaii22/proc_arena/data/rs/gdps/PAY-RS-01_2_RS92-GDP_002_20170712T000000_1-000-001.nc'
00:00:12.641|INFO|rawcsv|Files '/Users/fvogt/Projects/MCH/UAII2021/dvas/codedev/develop_vof/src/dvas_recipes/uaii22/proc_arena/data/rs/gdps/PAY-RS-01_2_RS92-GDP_002_20170712T000000_1-000-001.nc' was treated
00:00:12.837|INFO|rawcsv|Files '/Users/fvogt/Projects/MCH/UAII2021/dvas/codedev/develop_vof/src/dvas_recipes/uaii22/proc_arena/data/rs/gdps/PAY-RS-01_2_RS41-GDP-BETA_001_20170712T000000_1-002-001.nc' was treated
00:00:12.838|INFO|rawcsv|Finish reading files for 'treprosu_s'
00:00:12.838|INFO|rawcsv|Found 8 new data while reading files for 'treprosu_s'
00:00:12.838|INFO|localdb|Start inserting in local DB new found data for 'treprosu_s'
00:00:13.165|INFO|localdb|Finish inserting in local DB new found data for 'treprosu_s'
00:00:13.225|INFO|localdb|Update db for following parameters: ['treprosu_t']
00:00:13.226|INFO|rawcsv|Start reading files for 'treprosu_t'
00:00:13.230|WARNING|rawcsv|No data for 'treprosu_t' in file '/Users/fvogt/Projects/MCH/UAII2021/dvas/codedev/develop_vof/src/dvas_recipes/uaii22/proc_arena/data/rs/others/C34.PAY_20171024T120000.csv'
00:00:13.230|INFO|rawcsv|Files '/Users/fvogt/Projects/MCH/UAII2021/dvas/codedev/develop_vof/src/dvas_recipes/uaii22/proc_arena/data/rs/others/C34.PAY_20171024T120000.csv' was treated
00:00:13.234|WARNING|rawcsv|No data for 'treprosu_t' in file '/Users/fvogt/Projects/MCH/UAII2021/dvas/codedev/develop_vof/src/dvas_recipes/uaii22/proc_arena/data/rs/others/C34.PAY_20170712T000000.csv'
00:00:13.234|INFO|rawcsv|Files '/Users/fvogt/Projects/MCH/UAII2021/dvas/codedev/develop_vof/src/dvas_recipes/uaii22/proc_arena/data/rs/others/C34.PAY_20170712T000000.csv' was treated
00:00:13.237|WARNING|rawcsv|No data for 'treprosu_t' in file '/Users/fvogt/Projects/MCH/UAII2021/dvas/codedev/develop_vof/src/dvas_recipes/uaii22/proc_arena/data/rs/others/C50.PAY_20170712T000000.csv'
00:00:13.237|INFO|rawcsv|Files '/Users/fvogt/Projects/MCH/UAII2021/dvas/codedev/develop_vof/src/dvas_recipes/uaii22/proc_arena/data/rs/others/C50.PAY_20170712T000000.csv' was treated
00:00:13.241|WARNING|rawcsv|No data for 'treprosu_t' in file '/Users/fvogt/Projects/MCH/UAII2021/dvas/codedev/develop_vof/src/dvas_recipes/uaii22/proc_arena/data/rs/others/C50.PAY_20171024T120000.csv'
00:00:13.241|INFO|rawcsv|Files '/Users/fvogt/Projects/MCH/UAII2021/dvas/codedev/develop_vof/src/dvas_recipes/uaii22/proc_arena/data/rs/others/C50.PAY_20171024T120000.csv' was treated
00:00:13.444|INFO|rawcsv|Files '/Users/fvogt/Projects/MCH/UAII2021/dvas/codedev/develop_vof/src/dvas_recipes/uaii22/proc_arena/data/rs/gdps/PAY-RS-01_2_RS41-GDP-BETA_001_20171024T120000_1-002-001.nc' was treated
00:00:13.456|INFO|rawcsv|Files '/Users/fvogt/Projects/MCH/UAII2021/dvas/codedev/develop_vof/src/dvas_recipes/uaii22/proc_arena/data/rs/gdps/PAY-RS-01_2_RS92-GDP_002_20171024T120000_1-000-001.nc' was treated
00:00:13.467|INFO|rawcsv|Files '/Users/fvogt/Projects/MCH/UAII2021/dvas/codedev/develop_vof/src/dvas_recipes/uaii22/proc_arena/data/rs/gdps/PAY-RS-01_2_RS92-GDP_002_20170712T000000_1-000-001.nc' was treated
00:00:13.665|INFO|rawcsv|Files '/Users/fvogt/Projects/MCH/UAII2021/dvas/codedev/develop_vof/src/dvas_recipes/uaii22/proc_arena/data/rs/gdps/PAY-RS-01_2_RS41-GDP-BETA_001_20170712T000000_1-002-001.nc' was treated
00:00:13.665|INFO|rawcsv|Finish reading files for 'treprosu_t'
00:00:13.665|INFO|rawcsv|Found 8 new data while reading files for 'treprosu_t'
00:00:13.665|INFO|localdb|Start inserting in local DB new found data for 'treprosu_t'
00:00:14.202|INFO|localdb|Finish inserting in local DB new found data for 'treprosu_t'
00:00:14.264|INFO|localdb|Update db for following parameters: ['altpros1']
00:00:14.265|INFO|rawcsv|Start reading files for 'altpros1'
00:00:14.300|INFO|rawcsv|Successful reading of 'altpros1' in CSV file '/Users/fvogt/Projects/MCH/UAII2021/dvas/codedev/develop_vof/src/dvas_recipes/uaii22/proc_arena/data/rs/others/C34.PAY_20171024T120000.csv'
00:00:14.300|INFO|rawcsv|Files '/Users/fvogt/Projects/MCH/UAII2021/dvas/codedev/develop_vof/src/dvas_recipes/uaii22/proc_arena/data/rs/others/C34.PAY_20171024T120000.csv' was treated
00:00:14.335|INFO|rawcsv|Successful reading of 'altpros1' in CSV file '/Users/fvogt/Projects/MCH/UAII2021/dvas/codedev/develop_vof/src/dvas_recipes/uaii22/proc_arena/data/rs/others/C34.PAY_20170712T000000.csv'
00:00:14.335|INFO|rawcsv|Files '/Users/fvogt/Projects/MCH/UAII2021/dvas/codedev/develop_vof/src/dvas_recipes/uaii22/proc_arena/data/rs/others/C34.PAY_20170712T000000.csv' was treated
00:00:14.373|INFO|rawcsv|Successful reading of 'altpros1' in CSV file '/Users/fvogt/Projects/MCH/UAII2021/dvas/codedev/develop_vof/src/dvas_recipes/uaii22/proc_arena/data/rs/others/C50.PAY_20170712T000000.csv'
00:00:14.373|INFO|rawcsv|Files '/Users/fvogt/Projects/MCH/UAII2021/dvas/codedev/develop_vof/src/dvas_recipes/uaii22/proc_arena/data/rs/others/C50.PAY_20170712T000000.csv' was treated
00:00:14.407|INFO|rawcsv|Successful reading of 'altpros1' in CSV file '/Users/fvogt/Projects/MCH/UAII2021/dvas/codedev/develop_vof/src/dvas_recipes/uaii22/proc_arena/data/rs/others/C50.PAY_20171024T120000.csv'
00:00:14.407|INFO|rawcsv|Files '/Users/fvogt/Projects/MCH/UAII2021/dvas/codedev/develop_vof/src/dvas_recipes/uaii22/proc_arena/data/rs/others/C50.PAY_20171024T120000.csv' was treated
00:00:14.611|INFO|rawcsv|Files '/Users/fvogt/Projects/MCH/UAII2021/dvas/codedev/develop_vof/src/dvas_recipes/uaii22/proc_arena/data/rs/gdps/PAY-RS-01_2_RS41-GDP-BETA_001_20171024T120000_1-002-001.nc' was treated
00:00:14.623|INFO|rawcsv|Files '/Users/fvogt/Projects/MCH/UAII2021/dvas/codedev/develop_vof/src/dvas_recipes/uaii22/proc_arena/data/rs/gdps/PAY-RS-01_2_RS92-GDP_002_20171024T120000_1-000-001.nc' was treated
00:00:14.634|INFO|rawcsv|Files '/Users/fvogt/Projects/MCH/UAII2021/dvas/codedev/develop_vof/src/dvas_recipes/uaii22/proc_arena/data/rs/gdps/PAY-RS-01_2_RS92-GDP_002_20170712T000000_1-000-001.nc' was treated
00:00:14.833|INFO|rawcsv|Files '/Users/fvogt/Projects/MCH/UAII2021/dvas/codedev/develop_vof/src/dvas_recipes/uaii22/proc_arena/data/rs/gdps/PAY-RS-01_2_RS41-GDP-BETA_001_20170712T000000_1-002-001.nc' was treated
00:00:14.833|INFO|rawcsv|Finish reading files for 'altpros1'
00:00:14.833|INFO|rawcsv|Found 8 new data while reading files for 'altpros1'
00:00:14.833|INFO|localdb|Start inserting in local DB new found data for 'altpros1'
00:00:15.860|INFO|localdb|Finish inserting in local DB new found data for 'altpros1'
00:00:16.198|INFO|recipes|oids: [[1], [4], [5], [6]]
00:00:16.198|INFO|recipes|is_gdp: [False, False, True, True]
00:00:16.198|INFO|recipes|sync_shifts: [0, 14, 4, -1]
00:00:16.198|INFO|recipes|sync_length: 5690
00:00:16.198|WARNING|localdb|Empty search 'and_(and_(tags('e:80611'), tags('r:1'), tags('raw')), tag('gdp'))' for 'trepros1
00:00:16.199|WARNING|localdb|Empty search 'and_(and_(tags('e:80611'), tags('r:1'), tags('raw')), tag('gdp'))' for 'tdtpros1
00:00:16.200|WARNING|localdb|Empty search 'and_(and_(tags('e:80611'), tags('r:1'), tags('raw')), tag('gdp'))' for 'altpros1
00:00:16.201|WARNING|localdb|Empty search 'and_(and_(tags('e:80611'), tags('r:1'), tags('raw')), tag('gdp'))' for 'treprosu_r
00:00:16.202|WARNING|localdb|Empty search 'and_(and_(tags('e:80611'), tags('r:1'), tags('raw')), tag('gdp'))' for 'treprosu_s
00:00:16.203|WARNING|localdb|Empty search 'and_(and_(tags('e:80611'), tags('r:1'), tags('raw')), tag('gdp'))' for 'treprosu_t
00:05:43.139|WARNING|localdb|Empty search '' for 'trepros1
00:05:43.140|WARNING|localdb|Empty search '' for 'tdtpros1
00:05:43.141|WARNING|localdb|Empty search '' for 'altpros1
