00:00:02.588|INFO|general|This dvas log was started on 2021-02-05 at 18:00:53.726780.
00:00:03.017|INFO|localdb|Update db for following parameters: ['tdtpros1']
00:00:03.018|INFO|rawcsv|Start reading files for 'tdtpros1'
00:00:03.058|INFO|rawcsv|Successful reading of 'tdtpros1' in CSV file '/Users/fvogt/Projects/MCH/UAII2021/dvas/codedev/develop_vof/src/dvas_recipes/uaii22/proc_arena/data/rs/others/RS41.PAY_20171024T120000.txt'
00:00:03.058|INFO|rawcsv|Files '/Users/fvogt/Projects/MCH/UAII2021/dvas/codedev/develop_vof/src/dvas_recipes/uaii22/proc_arena/data/rs/others/RS41.PAY_20171024T120000.txt' was treated
00:00:03.096|INFO|rawcsv|Successful reading of 'tdtpros1' in CSV file '/Users/fvogt/Projects/MCH/UAII2021/dvas/codedev/develop_vof/src/dvas_recipes/uaii22/proc_arena/data/rs/others/C34.PAY_20171024T120000.csv'
00:00:03.096|INFO|rawcsv|Files '/Users/fvogt/Projects/MCH/UAII2021/dvas/codedev/develop_vof/src/dvas_recipes/uaii22/proc_arena/data/rs/others/C34.PAY_20171024T120000.csv' was treated
00:00:03.119|INFO|rawcsv|Successful reading of 'tdtpros1' in CSV file '/Users/fvogt/Projects/MCH/UAII2021/dvas/codedev/develop_vof/src/dvas_recipes/uaii22/proc_arena/data/rs/others/RS92.PAY_20171024T120000.txt'
00:00:03.120|INFO|rawcsv|Files '/Users/fvogt/Projects/MCH/UAII2021/dvas/codedev/develop_vof/src/dvas_recipes/uaii22/proc_arena/data/rs/others/RS92.PAY_20171024T120000.txt' was treated
00:00:03.155|INFO|rawcsv|Successful reading of 'tdtpros1' in CSV file '/Users/fvogt/Projects/MCH/UAII2021/dvas/codedev/develop_vof/src/dvas_recipes/uaii22/proc_arena/data/rs/others/C34.PAY_20170712T000000.csv'
00:00:03.156|INFO|rawcsv|Files '/Users/fvogt/Projects/MCH/UAII2021/dvas/codedev/develop_vof/src/dvas_recipes/uaii22/proc_arena/data/rs/others/C34.PAY_20170712T000000.csv' was treated
00:00:03.178|INFO|rawcsv|Successful reading of 'tdtpros1' in CSV file '/Users/fvogt/Projects/MCH/UAII2021/dvas/codedev/develop_vof/src/dvas_recipes/uaii22/proc_arena/data/rs/others/RS92.PAY_20170712T000000.txt'
00:00:03.178|INFO|rawcsv|Files '/Users/fvogt/Projects/MCH/UAII2021/dvas/codedev/develop_vof/src/dvas_recipes/uaii22/proc_arena/data/rs/others/RS92.PAY_20170712T000000.txt' was treated
00:00:03.216|INFO|rawcsv|Successful reading of 'tdtpros1' in CSV file '/Users/fvogt/Projects/MCH/UAII2021/dvas/codedev/develop_vof/src/dvas_recipes/uaii22/proc_arena/data/rs/others/RS41.PAY_20170712T000000.txt'
00:00:03.217|INFO|rawcsv|Files '/Users/fvogt/Projects/MCH/UAII2021/dvas/codedev/develop_vof/src/dvas_recipes/uaii22/proc_arena/data/rs/others/RS41.PAY_20170712T000000.txt' was treated
00:00:03.296|INFO|rawcsv|Successful reading of 'tdtpros1' in CSV file '/Users/fvogt/Projects/MCH/UAII2021/dvas/codedev/develop_vof/src/dvas_recipes/uaii22/proc_arena/data/rs/others/C50.PAY_20170712T000000.csv'
00:00:03.296|INFO|rawcsv|Files '/Users/fvogt/Projects/MCH/UAII2021/dvas/codedev/develop_vof/src/dvas_recipes/uaii22/proc_arena/data/rs/others/C50.PAY_20170712T000000.csv' was treated
00:00:03.342|INFO|rawcsv|Successful reading of 'tdtpros1' in CSV file '/Users/fvogt/Projects/MCH/UAII2021/dvas/codedev/develop_vof/src/dvas_recipes/uaii22/proc_arena/data/rs/others/C50.PAY_20171024T120000.csv'
00:00:03.343|INFO|rawcsv|Files '/Users/fvogt/Projects/MCH/UAII2021/dvas/codedev/develop_vof/src/dvas_recipes/uaii22/proc_arena/data/rs/others/C50.PAY_20171024T120000.csv' was treated
00:00:03.544|INFO|rawcsv|Files '/Users/fvogt/Projects/MCH/UAII2021/dvas/codedev/develop_vof/src/dvas_recipes/uaii22/proc_arena/data/rs/gdps/PAY-RS-01_2_RS41-GDP-BETA_001_20171024T120000_1-002-001.nc' was treated
00:00:03.556|INFO|rawcsv|Files '/Users/fvogt/Projects/MCH/UAII2021/dvas/codedev/develop_vof/src/dvas_recipes/uaii22/proc_arena/data/rs/gdps/PAY-RS-01_2_RS92-GDP_002_20171024T120000_1-000-001.nc' was treated
00:00:03.568|INFO|rawcsv|Files '/Users/fvogt/Projects/MCH/UAII2021/dvas/codedev/develop_vof/src/dvas_recipes/uaii22/proc_arena/data/rs/gdps/PAY-RS-01_2_RS92-GDP_002_20170712T000000_1-000-001.nc' was treated
00:00:03.763|INFO|rawcsv|Files '/Users/fvogt/Projects/MCH/UAII2021/dvas/codedev/develop_vof/src/dvas_recipes/uaii22/proc_arena/data/rs/gdps/PAY-RS-01_2_RS41-GDP-BETA_001_20170712T000000_1-002-001.nc' was treated
00:00:03.763|INFO|rawcsv|Finish reading files for 'tdtpros1'
00:00:03.764|INFO|rawcsv|Found 12 new data while reading files for 'tdtpros1'
00:00:03.764|INFO|localdb|Start inserting in local DB new found data for 'tdtpros1'
00:00:05.286|INFO|localdb|Finish inserting in local DB new found data for 'tdtpros1'
00:00:05.355|INFO|localdb|Update db for following parameters: ['trepros1']
00:00:05.356|INFO|rawcsv|Start reading files for 'trepros1'
00:00:05.398|INFO|rawcsv|Successful reading of 'trepros1' in CSV file '/Users/fvogt/Projects/MCH/UAII2021/dvas/codedev/develop_vof/src/dvas_recipes/uaii22/proc_arena/data/rs/others/RS41.PAY_20171024T120000.txt'
00:00:05.398|INFO|rawcsv|Files '/Users/fvogt/Projects/MCH/UAII2021/dvas/codedev/develop_vof/src/dvas_recipes/uaii22/proc_arena/data/rs/others/RS41.PAY_20171024T120000.txt' was treated
00:00:05.436|INFO|rawcsv|Successful reading of 'trepros1' in CSV file '/Users/fvogt/Projects/MCH/UAII2021/dvas/codedev/develop_vof/src/dvas_recipes/uaii22/proc_arena/data/rs/others/C34.PAY_20171024T120000.csv'
00:00:05.436|INFO|rawcsv|Files '/Users/fvogt/Projects/MCH/UAII2021/dvas/codedev/develop_vof/src/dvas_recipes/uaii22/proc_arena/data/rs/others/C34.PAY_20171024T120000.csv' was treated
00:00:05.500|INFO|rawcsv|Successful reading of 'trepros1' in CSV file '/Users/fvogt/Projects/MCH/UAII2021/dvas/codedev/develop_vof/src/dvas_recipes/uaii22/proc_arena/data/rs/others/RS92.PAY_20171024T120000.txt'
00:00:05.500|INFO|rawcsv|Files '/Users/fvogt/Projects/MCH/UAII2021/dvas/codedev/develop_vof/src/dvas_recipes/uaii22/proc_arena/data/rs/others/RS92.PAY_20171024T120000.txt' was treated
00:00:05.547|INFO|rawcsv|Successful reading of 'trepros1' in CSV file '/Users/fvogt/Projects/MCH/UAII2021/dvas/codedev/develop_vof/src/dvas_recipes/uaii22/proc_arena/data/rs/others/C34.PAY_20170712T000000.csv'
00:00:05.547|INFO|rawcsv|Files '/Users/fvogt/Projects/MCH/UAII2021/dvas/codedev/develop_vof/src/dvas_recipes/uaii22/proc_arena/data/rs/others/C34.PAY_20170712T000000.csv' was treated
00:00:05.575|INFO|rawcsv|Successful reading of 'trepros1' in CSV file '/Users/fvogt/Projects/MCH/UAII2021/dvas/codedev/develop_vof/src/dvas_recipes/uaii22/proc_arena/data/rs/others/RS92.PAY_20170712T000000.txt'
00:00:05.575|INFO|rawcsv|Files '/Users/fvogt/Projects/MCH/UAII2021/dvas/codedev/develop_vof/src/dvas_recipes/uaii22/proc_arena/data/rs/others/RS92.PAY_20170712T000000.txt' was treated
00:00:05.616|INFO|rawcsv|Successful reading of 'trepros1' in CSV file '/Users/fvogt/Projects/MCH/UAII2021/dvas/codedev/develop_vof/src/dvas_recipes/uaii22/proc_arena/data/rs/others/RS41.PAY_20170712T000000.txt'
00:00:05.616|INFO|rawcsv|Files '/Users/fvogt/Projects/MCH/UAII2021/dvas/codedev/develop_vof/src/dvas_recipes/uaii22/proc_arena/data/rs/others/RS41.PAY_20170712T000000.txt' was treated
00:00:05.652|INFO|rawcsv|Successful reading of 'trepros1' in CSV file '/Users/fvogt/Projects/MCH/UAII2021/dvas/codedev/develop_vof/src/dvas_recipes/uaii22/proc_arena/data/rs/others/C50.PAY_20170712T000000.csv'
00:00:05.652|INFO|rawcsv|Files '/Users/fvogt/Projects/MCH/UAII2021/dvas/codedev/develop_vof/src/dvas_recipes/uaii22/proc_arena/data/rs/others/C50.PAY_20170712T000000.csv' was treated
00:00:05.689|INFO|rawcsv|Successful reading of 'trepros1' in CSV file '/Users/fvogt/Projects/MCH/UAII2021/dvas/codedev/develop_vof/src/dvas_recipes/uaii22/proc_arena/data/rs/others/C50.PAY_20171024T120000.csv'
00:00:05.689|INFO|rawcsv|Files '/Users/fvogt/Projects/MCH/UAII2021/dvas/codedev/develop_vof/src/dvas_recipes/uaii22/proc_arena/data/rs/others/C50.PAY_20171024T120000.csv' was treated
00:00:05.894|INFO|rawcsv|Files '/Users/fvogt/Projects/MCH/UAII2021/dvas/codedev/develop_vof/src/dvas_recipes/uaii22/proc_arena/data/rs/gdps/PAY-RS-01_2_RS41-GDP-BETA_001_20171024T120000_1-002-001.nc' was treated
00:00:05.905|INFO|rawcsv|Files '/Users/fvogt/Projects/MCH/UAII2021/dvas/codedev/develop_vof/src/dvas_recipes/uaii22/proc_arena/data/rs/gdps/PAY-RS-01_2_RS92-GDP_002_20171024T120000_1-000-001.nc' was treated
00:00:05.917|INFO|rawcsv|Files '/Users/fvogt/Projects/MCH/UAII2021/dvas/codedev/develop_vof/src/dvas_recipes/uaii22/proc_arena/data/rs/gdps/PAY-RS-01_2_RS92-GDP_002_20170712T000000_1-000-001.nc' was treated
00:00:06.116|INFO|rawcsv|Files '/Users/fvogt/Projects/MCH/UAII2021/dvas/codedev/develop_vof/src/dvas_recipes/uaii22/proc_arena/data/rs/gdps/PAY-RS-01_2_RS41-GDP-BETA_001_20170712T000000_1-002-001.nc' was treated
00:00:06.116|INFO|rawcsv|Finish reading files for 'trepros1'
00:00:06.116|INFO|rawcsv|Found 12 new data while reading files for 'trepros1'
00:00:06.116|INFO|localdb|Start inserting in local DB new found data for 'trepros1'
00:00:07.525|INFO|localdb|Finish inserting in local DB new found data for 'trepros1'
00:00:07.585|INFO|localdb|Update db for following parameters: ['treprosu_r']
00:00:07.586|INFO|rawcsv|Start reading files for 'treprosu_r'
00:00:07.589|WARNING|rawcsv|No data for 'treprosu_r' in file '/Users/fvogt/Projects/MCH/UAII2021/dvas/codedev/develop_vof/src/dvas_recipes/uaii22/proc_arena/data/rs/others/RS41.PAY_20171024T120000.txt'
00:00:07.590|INFO|rawcsv|Files '/Users/fvogt/Projects/MCH/UAII2021/dvas/codedev/develop_vof/src/dvas_recipes/uaii22/proc_arena/data/rs/others/RS41.PAY_20171024T120000.txt' was treated
00:00:07.593|WARNING|rawcsv|No data for 'treprosu_r' in file '/Users/fvogt/Projects/MCH/UAII2021/dvas/codedev/develop_vof/src/dvas_recipes/uaii22/proc_arena/data/rs/others/C34.PAY_20171024T120000.csv'
00:00:07.593|INFO|rawcsv|Files '/Users/fvogt/Projects/MCH/UAII2021/dvas/codedev/develop_vof/src/dvas_recipes/uaii22/proc_arena/data/rs/others/C34.PAY_20171024T120000.csv' was treated
00:00:07.596|WARNING|rawcsv|No data for 'treprosu_r' in file '/Users/fvogt/Projects/MCH/UAII2021/dvas/codedev/develop_vof/src/dvas_recipes/uaii22/proc_arena/data/rs/others/RS92.PAY_20171024T120000.txt'
00:00:07.596|INFO|rawcsv|Files '/Users/fvogt/Projects/MCH/UAII2021/dvas/codedev/develop_vof/src/dvas_recipes/uaii22/proc_arena/data/rs/others/RS92.PAY_20171024T120000.txt' was treated
00:00:07.602|WARNING|rawcsv|No data for 'treprosu_r' in file '/Users/fvogt/Projects/MCH/UAII2021/dvas/codedev/develop_vof/src/dvas_recipes/uaii22/proc_arena/data/rs/others/C34.PAY_20170712T000000.csv'
00:00:07.602|INFO|rawcsv|Files '/Users/fvogt/Projects/MCH/UAII2021/dvas/codedev/develop_vof/src/dvas_recipes/uaii22/proc_arena/data/rs/others/C34.PAY_20170712T000000.csv' was treated
00:00:07.605|WARNING|rawcsv|No data for 'treprosu_r' in file '/Users/fvogt/Projects/MCH/UAII2021/dvas/codedev/develop_vof/src/dvas_recipes/uaii22/proc_arena/data/rs/others/RS92.PAY_20170712T000000.txt'
00:00:07.605|INFO|rawcsv|Files '/Users/fvogt/Projects/MCH/UAII2021/dvas/codedev/develop_vof/src/dvas_recipes/uaii22/proc_arena/data/rs/others/RS92.PAY_20170712T000000.txt' was treated
00:00:07.608|WARNING|rawcsv|No data for 'treprosu_r' in file '/Users/fvogt/Projects/MCH/UAII2021/dvas/codedev/develop_vof/src/dvas_recipes/uaii22/proc_arena/data/rs/others/RS41.PAY_20170712T000000.txt'
00:00:07.609|INFO|rawcsv|Files '/Users/fvogt/Projects/MCH/UAII2021/dvas/codedev/develop_vof/src/dvas_recipes/uaii22/proc_arena/data/rs/others/RS41.PAY_20170712T000000.txt' was treated
00:00:07.612|WARNING|rawcsv|No data for 'treprosu_r' in file '/Users/fvogt/Projects/MCH/UAII2021/dvas/codedev/develop_vof/src/dvas_recipes/uaii22/proc_arena/data/rs/others/C50.PAY_20170712T000000.csv'
00:00:07.612|INFO|rawcsv|Files '/Users/fvogt/Projects/MCH/UAII2021/dvas/codedev/develop_vof/src/dvas_recipes/uaii22/proc_arena/data/rs/others/C50.PAY_20170712T000000.csv' was treated
00:00:07.616|WARNING|rawcsv|No data for 'treprosu_r' in file '/Users/fvogt/Projects/MCH/UAII2021/dvas/codedev/develop_vof/src/dvas_recipes/uaii22/proc_arena/data/rs/others/C50.PAY_20171024T120000.csv'
00:00:07.616|INFO|rawcsv|Files '/Users/fvogt/Projects/MCH/UAII2021/dvas/codedev/develop_vof/src/dvas_recipes/uaii22/proc_arena/data/rs/others/C50.PAY_20171024T120000.csv' was treated
00:00:07.812|INFO|rawcsv|Files '/Users/fvogt/Projects/MCH/UAII2021/dvas/codedev/develop_vof/src/dvas_recipes/uaii22/proc_arena/data/rs/gdps/PAY-RS-01_2_RS41-GDP-BETA_001_20171024T120000_1-002-001.nc' was treated
00:00:07.824|INFO|rawcsv|Files '/Users/fvogt/Projects/MCH/UAII2021/dvas/codedev/develop_vof/src/dvas_recipes/uaii22/proc_arena/data/rs/gdps/PAY-RS-01_2_RS92-GDP_002_20171024T120000_1-000-001.nc' was treated
00:00:07.836|INFO|rawcsv|Files '/Users/fvogt/Projects/MCH/UAII2021/dvas/codedev/develop_vof/src/dvas_recipes/uaii22/proc_arena/data/rs/gdps/PAY-RS-01_2_RS92-GDP_002_20170712T000000_1-000-001.nc' was treated
00:00:08.035|INFO|rawcsv|Files '/Users/fvogt/Projects/MCH/UAII2021/dvas/codedev/develop_vof/src/dvas_recipes/uaii22/proc_arena/data/rs/gdps/PAY-RS-01_2_RS41-GDP-BETA_001_20170712T000000_1-002-001.nc' was treated
00:00:08.035|INFO|rawcsv|Finish reading files for 'treprosu_r'
00:00:08.035|INFO|rawcsv|Found 12 new data while reading files for 'treprosu_r'
00:00:08.035|INFO|localdb|Start inserting in local DB new found data for 'treprosu_r'
00:00:08.602|INFO|localdb|Finish inserting in local DB new found data for 'treprosu_r'
00:00:08.659|INFO|localdb|Update db for following parameters: ['treprosu_s']
00:00:08.660|INFO|rawcsv|Start reading files for 'treprosu_s'
00:00:08.663|WARNING|rawcsv|No data for 'treprosu_s' in file '/Users/fvogt/Projects/MCH/UAII2021/dvas/codedev/develop_vof/src/dvas_recipes/uaii22/proc_arena/data/rs/others/RS41.PAY_20171024T120000.txt'
00:00:08.663|INFO|rawcsv|Files '/Users/fvogt/Projects/MCH/UAII2021/dvas/codedev/develop_vof/src/dvas_recipes/uaii22/proc_arena/data/rs/others/RS41.PAY_20171024T120000.txt' was treated
00:00:08.667|WARNING|rawcsv|No data for 'treprosu_s' in file '/Users/fvogt/Projects/MCH/UAII2021/dvas/codedev/develop_vof/src/dvas_recipes/uaii22/proc_arena/data/rs/others/C34.PAY_20171024T120000.csv'
00:00:08.667|INFO|rawcsv|Files '/Users/fvogt/Projects/MCH/UAII2021/dvas/codedev/develop_vof/src/dvas_recipes/uaii22/proc_arena/data/rs/others/C34.PAY_20171024T120000.csv' was treated
00:00:08.670|WARNING|rawcsv|No data for 'treprosu_s' in file '/Users/fvogt/Projects/MCH/UAII2021/dvas/codedev/develop_vof/src/dvas_recipes/uaii22/proc_arena/data/rs/others/RS92.PAY_20171024T120000.txt'
00:00:08.670|INFO|rawcsv|Files '/Users/fvogt/Projects/MCH/UAII2021/dvas/codedev/develop_vof/src/dvas_recipes/uaii22/proc_arena/data/rs/others/RS92.PAY_20171024T120000.txt' was treated
00:00:08.674|WARNING|rawcsv|No data for 'treprosu_s' in file '/Users/fvogt/Projects/MCH/UAII2021/dvas/codedev/develop_vof/src/dvas_recipes/uaii22/proc_arena/data/rs/others/C34.PAY_20170712T000000.csv'
00:00:08.674|INFO|rawcsv|Files '/Users/fvogt/Projects/MCH/UAII2021/dvas/codedev/develop_vof/src/dvas_recipes/uaii22/proc_arena/data/rs/others/C34.PAY_20170712T000000.csv' was treated
00:00:08.677|WARNING|rawcsv|No data for 'treprosu_s' in file '/Users/fvogt/Projects/MCH/UAII2021/dvas/codedev/develop_vof/src/dvas_recipes/uaii22/proc_arena/data/rs/others/RS92.PAY_20170712T000000.txt'
00:00:08.677|INFO|rawcsv|Files '/Users/fvogt/Projects/MCH/UAII2021/dvas/codedev/develop_vof/src/dvas_recipes/uaii22/proc_arena/data/rs/others/RS92.PAY_20170712T000000.txt' was treated
00:00:08.680|WARNING|rawcsv|No data for 'treprosu_s' in file '/Users/fvogt/Projects/MCH/UAII2021/dvas/codedev/develop_vof/src/dvas_recipes/uaii22/proc_arena/data/rs/others/RS41.PAY_20170712T000000.txt'
00:00:08.680|INFO|rawcsv|Files '/Users/fvogt/Projects/MCH/UAII2021/dvas/codedev/develop_vof/src/dvas_recipes/uaii22/proc_arena/data/rs/others/RS41.PAY_20170712T000000.txt' was treated
00:00:08.684|WARNING|rawcsv|No data for 'treprosu_s' in file '/Users/fvogt/Projects/MCH/UAII2021/dvas/codedev/develop_vof/src/dvas_recipes/uaii22/proc_arena/data/rs/others/C50.PAY_20170712T000000.csv'
00:00:08.685|INFO|rawcsv|Files '/Users/fvogt/Projects/MCH/UAII2021/dvas/codedev/develop_vof/src/dvas_recipes/uaii22/proc_arena/data/rs/others/C50.PAY_20170712T000000.csv' was treated
00:00:08.689|WARNING|rawcsv|No data for 'treprosu_s' in file '/Users/fvogt/Projects/MCH/UAII2021/dvas/codedev/develop_vof/src/dvas_recipes/uaii22/proc_arena/data/rs/others/C50.PAY_20171024T120000.csv'
00:00:08.689|INFO|rawcsv|Files '/Users/fvogt/Projects/MCH/UAII2021/dvas/codedev/develop_vof/src/dvas_recipes/uaii22/proc_arena/data/rs/others/C50.PAY_20171024T120000.csv' was treated
00:00:08.889|INFO|rawcsv|Files '/Users/fvogt/Projects/MCH/UAII2021/dvas/codedev/develop_vof/src/dvas_recipes/uaii22/proc_arena/data/rs/gdps/PAY-RS-01_2_RS41-GDP-BETA_001_20171024T120000_1-002-001.nc' was treated
00:00:08.891|WARNING|rawcsv|No data for 'treprosu_s' in file '/Users/fvogt/Projects/MCH/UAII2021/dvas/codedev/develop_vof/src/dvas_recipes/uaii22/proc_arena/data/rs/gdps/PAY-RS-01_2_RS92-GDP_002_20171024T120000_1-000-001.nc'
00:00:08.891|INFO|rawcsv|Files '/Users/fvogt/Projects/MCH/UAII2021/dvas/codedev/develop_vof/src/dvas_recipes/uaii22/proc_arena/data/rs/gdps/PAY-RS-01_2_RS92-GDP_002_20171024T120000_1-000-001.nc' was treated
00:00:08.893|WARNING|rawcsv|No data for 'treprosu_s' in file '/Users/fvogt/Projects/MCH/UAII2021/dvas/codedev/develop_vof/src/dvas_recipes/uaii22/proc_arena/data/rs/gdps/PAY-RS-01_2_RS92-GDP_002_20170712T000000_1-000-001.nc'
00:00:08.893|INFO|rawcsv|Files '/Users/fvogt/Projects/MCH/UAII2021/dvas/codedev/develop_vof/src/dvas_recipes/uaii22/proc_arena/data/rs/gdps/PAY-RS-01_2_RS92-GDP_002_20170712T000000_1-000-001.nc' was treated
00:00:09.090|INFO|rawcsv|Files '/Users/fvogt/Projects/MCH/UAII2021/dvas/codedev/develop_vof/src/dvas_recipes/uaii22/proc_arena/data/rs/gdps/PAY-RS-01_2_RS41-GDP-BETA_001_20170712T000000_1-002-001.nc' was treated
00:00:09.090|INFO|rawcsv|Finish reading files for 'treprosu_s'
00:00:09.090|INFO|rawcsv|Found 12 new data while reading files for 'treprosu_s'
00:00:09.090|INFO|localdb|Start inserting in local DB new found data for 'treprosu_s'
00:00:09.442|INFO|localdb|Finish inserting in local DB new found data for 'treprosu_s'
00:00:09.503|INFO|localdb|Update db for following parameters: ['treprosu_t']
00:00:09.503|INFO|rawcsv|Start reading files for 'treprosu_t'
00:00:09.507|WARNING|rawcsv|No data for 'treprosu_t' in file '/Users/fvogt/Projects/MCH/UAII2021/dvas/codedev/develop_vof/src/dvas_recipes/uaii22/proc_arena/data/rs/others/RS41.PAY_20171024T120000.txt'
00:00:09.507|INFO|rawcsv|Files '/Users/fvogt/Projects/MCH/UAII2021/dvas/codedev/develop_vof/src/dvas_recipes/uaii22/proc_arena/data/rs/others/RS41.PAY_20171024T120000.txt' was treated
00:00:09.510|WARNING|rawcsv|No data for 'treprosu_t' in file '/Users/fvogt/Projects/MCH/UAII2021/dvas/codedev/develop_vof/src/dvas_recipes/uaii22/proc_arena/data/rs/others/C34.PAY_20171024T120000.csv'
00:00:09.510|INFO|rawcsv|Files '/Users/fvogt/Projects/MCH/UAII2021/dvas/codedev/develop_vof/src/dvas_recipes/uaii22/proc_arena/data/rs/others/C34.PAY_20171024T120000.csv' was treated
00:00:09.514|WARNING|rawcsv|No data for 'treprosu_t' in file '/Users/fvogt/Projects/MCH/UAII2021/dvas/codedev/develop_vof/src/dvas_recipes/uaii22/proc_arena/data/rs/others/RS92.PAY_20171024T120000.txt'
00:00:09.514|INFO|rawcsv|Files '/Users/fvogt/Projects/MCH/UAII2021/dvas/codedev/develop_vof/src/dvas_recipes/uaii22/proc_arena/data/rs/others/RS92.PAY_20171024T120000.txt' was treated
00:00:09.517|WARNING|rawcsv|No data for 'treprosu_t' in file '/Users/fvogt/Projects/MCH/UAII2021/dvas/codedev/develop_vof/src/dvas_recipes/uaii22/proc_arena/data/rs/others/C34.PAY_20170712T000000.csv'
00:00:09.517|INFO|rawcsv|Files '/Users/fvogt/Projects/MCH/UAII2021/dvas/codedev/develop_vof/src/dvas_recipes/uaii22/proc_arena/data/rs/others/C34.PAY_20170712T000000.csv' was treated
00:00:09.520|WARNING|rawcsv|No data for 'treprosu_t' in file '/Users/fvogt/Projects/MCH/UAII2021/dvas/codedev/develop_vof/src/dvas_recipes/uaii22/proc_arena/data/rs/others/RS92.PAY_20170712T000000.txt'
00:00:09.520|INFO|rawcsv|Files '/Users/fvogt/Projects/MCH/UAII2021/dvas/codedev/develop_vof/src/dvas_recipes/uaii22/proc_arena/data/rs/others/RS92.PAY_20170712T000000.txt' was treated
00:00:09.523|WARNING|rawcsv|No data for 'treprosu_t' in file '/Users/fvogt/Projects/MCH/UAII2021/dvas/codedev/develop_vof/src/dvas_recipes/uaii22/proc_arena/data/rs/others/RS41.PAY_20170712T000000.txt'
00:00:09.524|INFO|rawcsv|Files '/Users/fvogt/Projects/MCH/UAII2021/dvas/codedev/develop_vof/src/dvas_recipes/uaii22/proc_arena/data/rs/others/RS41.PAY_20170712T000000.txt' was treated
00:00:09.527|WARNING|rawcsv|No data for 'treprosu_t' in file '/Users/fvogt/Projects/MCH/UAII2021/dvas/codedev/develop_vof/src/dvas_recipes/uaii22/proc_arena/data/rs/others/C50.PAY_20170712T000000.csv'
00:00:09.527|INFO|rawcsv|Files '/Users/fvogt/Projects/MCH/UAII2021/dvas/codedev/develop_vof/src/dvas_recipes/uaii22/proc_arena/data/rs/others/C50.PAY_20170712T000000.csv' was treated
00:00:09.530|WARNING|rawcsv|No data for 'treprosu_t' in file '/Users/fvogt/Projects/MCH/UAII2021/dvas/codedev/develop_vof/src/dvas_recipes/uaii22/proc_arena/data/rs/others/C50.PAY_20171024T120000.csv'
00:00:09.530|INFO|rawcsv|Files '/Users/fvogt/Projects/MCH/UAII2021/dvas/codedev/develop_vof/src/dvas_recipes/uaii22/proc_arena/data/rs/others/C50.PAY_20171024T120000.csv' was treated
00:00:09.730|INFO|rawcsv|Files '/Users/fvogt/Projects/MCH/UAII2021/dvas/codedev/develop_vof/src/dvas_recipes/uaii22/proc_arena/data/rs/gdps/PAY-RS-01_2_RS41-GDP-BETA_001_20171024T120000_1-002-001.nc' was treated
00:00:09.742|INFO|rawcsv|Files '/Users/fvogt/Projects/MCH/UAII2021/dvas/codedev/develop_vof/src/dvas_recipes/uaii22/proc_arena/data/rs/gdps/PAY-RS-01_2_RS92-GDP_002_20171024T120000_1-000-001.nc' was treated
00:00:09.753|INFO|rawcsv|Files '/Users/fvogt/Projects/MCH/UAII2021/dvas/codedev/develop_vof/src/dvas_recipes/uaii22/proc_arena/data/rs/gdps/PAY-RS-01_2_RS92-GDP_002_20170712T000000_1-000-001.nc' was treated
00:00:09.954|INFO|rawcsv|Files '/Users/fvogt/Projects/MCH/UAII2021/dvas/codedev/develop_vof/src/dvas_recipes/uaii22/proc_arena/data/rs/gdps/PAY-RS-01_2_RS41-GDP-BETA_001_20170712T000000_1-002-001.nc' was treated
00:00:09.954|INFO|rawcsv|Finish reading files for 'treprosu_t'
00:00:09.954|INFO|rawcsv|Found 12 new data while reading files for 'treprosu_t'
00:00:09.954|INFO|localdb|Start inserting in local DB new found data for 'treprosu_t'
00:00:10.536|INFO|localdb|Finish inserting in local DB new found data for 'treprosu_t'
00:00:10.595|INFO|localdb|Update db for following parameters: ['altpros1']
00:00:10.595|INFO|rawcsv|Start reading files for 'altpros1'
00:00:10.631|INFO|rawcsv|Successful reading of 'altpros1' in CSV file '/Users/fvogt/Projects/MCH/UAII2021/dvas/codedev/develop_vof/src/dvas_recipes/uaii22/proc_arena/data/rs/others/RS41.PAY_20171024T120000.txt'
00:00:10.631|INFO|rawcsv|Files '/Users/fvogt/Projects/MCH/UAII2021/dvas/codedev/develop_vof/src/dvas_recipes/uaii22/proc_arena/data/rs/others/RS41.PAY_20171024T120000.txt' was treated
00:00:10.672|INFO|rawcsv|Successful reading of 'altpros1' in CSV file '/Users/fvogt/Projects/MCH/UAII2021/dvas/codedev/develop_vof/src/dvas_recipes/uaii22/proc_arena/data/rs/others/C34.PAY_20171024T120000.csv'
00:00:10.672|INFO|rawcsv|Files '/Users/fvogt/Projects/MCH/UAII2021/dvas/codedev/develop_vof/src/dvas_recipes/uaii22/proc_arena/data/rs/others/C34.PAY_20171024T120000.csv' was treated
00:00:10.696|INFO|rawcsv|Successful reading of 'altpros1' in CSV file '/Users/fvogt/Projects/MCH/UAII2021/dvas/codedev/develop_vof/src/dvas_recipes/uaii22/proc_arena/data/rs/others/RS92.PAY_20171024T120000.txt'
00:00:10.696|INFO|rawcsv|Files '/Users/fvogt/Projects/MCH/UAII2021/dvas/codedev/develop_vof/src/dvas_recipes/uaii22/proc_arena/data/rs/others/RS92.PAY_20171024T120000.txt' was treated
00:00:10.730|INFO|rawcsv|Successful reading of 'altpros1' in CSV file '/Users/fvogt/Projects/MCH/UAII2021/dvas/codedev/develop_vof/src/dvas_recipes/uaii22/proc_arena/data/rs/others/C34.PAY_20170712T000000.csv'
00:00:10.730|INFO|rawcsv|Files '/Users/fvogt/Projects/MCH/UAII2021/dvas/codedev/develop_vof/src/dvas_recipes/uaii22/proc_arena/data/rs/others/C34.PAY_20170712T000000.csv' was treated
00:00:10.755|INFO|rawcsv|Successful reading of 'altpros1' in CSV file '/Users/fvogt/Projects/MCH/UAII2021/dvas/codedev/develop_vof/src/dvas_recipes/uaii22/proc_arena/data/rs/others/RS92.PAY_20170712T000000.txt'
00:00:10.756|INFO|rawcsv|Files '/Users/fvogt/Projects/MCH/UAII2021/dvas/codedev/develop_vof/src/dvas_recipes/uaii22/proc_arena/data/rs/others/RS92.PAY_20170712T000000.txt' was treated
00:00:10.831|INFO|rawcsv|Successful reading of 'altpros1' in CSV file '/Users/fvogt/Projects/MCH/UAII2021/dvas/codedev/develop_vof/src/dvas_recipes/uaii22/proc_arena/data/rs/others/RS41.PAY_20170712T000000.txt'
00:00:10.831|INFO|rawcsv|Files '/Users/fvogt/Projects/MCH/UAII2021/dvas/codedev/develop_vof/src/dvas_recipes/uaii22/proc_arena/data/rs/others/RS41.PAY_20170712T000000.txt' was treated
00:00:10.877|INFO|rawcsv|Successful reading of 'altpros1' in CSV file '/Users/fvogt/Projects/MCH/UAII2021/dvas/codedev/develop_vof/src/dvas_recipes/uaii22/proc_arena/data/rs/others/C50.PAY_20170712T000000.csv'
00:00:10.877|INFO|rawcsv|Files '/Users/fvogt/Projects/MCH/UAII2021/dvas/codedev/develop_vof/src/dvas_recipes/uaii22/proc_arena/data/rs/others/C50.PAY_20170712T000000.csv' was treated
00:00:10.919|INFO|rawcsv|Successful reading of 'altpros1' in CSV file '/Users/fvogt/Projects/MCH/UAII2021/dvas/codedev/develop_vof/src/dvas_recipes/uaii22/proc_arena/data/rs/others/C50.PAY_20171024T120000.csv'
00:00:10.919|INFO|rawcsv|Files '/Users/fvogt/Projects/MCH/UAII2021/dvas/codedev/develop_vof/src/dvas_recipes/uaii22/proc_arena/data/rs/others/C50.PAY_20171024T120000.csv' was treated
00:00:11.126|INFO|rawcsv|Files '/Users/fvogt/Projects/MCH/UAII2021/dvas/codedev/develop_vof/src/dvas_recipes/uaii22/proc_arena/data/rs/gdps/PAY-RS-01_2_RS41-GDP-BETA_001_20171024T120000_1-002-001.nc' was treated
00:00:11.138|INFO|rawcsv|Files '/Users/fvogt/Projects/MCH/UAII2021/dvas/codedev/develop_vof/src/dvas_recipes/uaii22/proc_arena/data/rs/gdps/PAY-RS-01_2_RS92-GDP_002_20171024T120000_1-000-001.nc' was treated
00:00:11.149|INFO|rawcsv|Files '/Users/fvogt/Projects/MCH/UAII2021/dvas/codedev/develop_vof/src/dvas_recipes/uaii22/proc_arena/data/rs/gdps/PAY-RS-01_2_RS92-GDP_002_20170712T000000_1-000-001.nc' was treated
00:00:11.350|INFO|rawcsv|Files '/Users/fvogt/Projects/MCH/UAII2021/dvas/codedev/develop_vof/src/dvas_recipes/uaii22/proc_arena/data/rs/gdps/PAY-RS-01_2_RS41-GDP-BETA_001_20170712T000000_1-002-001.nc' was treated
00:00:11.350|INFO|rawcsv|Finish reading files for 'altpros1'
00:00:11.350|INFO|rawcsv|Found 12 new data while reading files for 'altpros1'
00:00:11.350|INFO|localdb|Start inserting in local DB new found data for 'altpros1'
00:00:12.782|INFO|localdb|Finish inserting in local DB new found data for 'altpros1'
00:00:13.239|INFO|recipes|oids: [[1], [10], [2], [3], [8], [9]]
00:00:13.239|INFO|recipes|is_gdp: [False, True, False, False, False, True]
00:00:13.239|INFO|recipes|sync_shifts: [0, 0, -17, -352, 366, 4]
00:00:13.239|INFO|recipes|sync_length: 6393
00:00:13.240|WARNING|localdb|Empty search 'and_(and_(tags('e:80611'), tags('r:1'), tags('raw')), tag('gdp'))' for 'trepros1
00:00:13.241|WARNING|localdb|Empty search 'and_(and_(tags('e:80611'), tags('r:1'), tags('raw')), tag('gdp'))' for 'tdtpros1
00:00:13.242|WARNING|localdb|Empty search 'and_(and_(tags('e:80611'), tags('r:1'), tags('raw')), tag('gdp'))' for 'altpros1
00:00:13.243|WARNING|localdb|Empty search 'and_(and_(tags('e:80611'), tags('r:1'), tags('raw')), tag('gdp'))' for 'treprosu_r
00:00:13.243|WARNING|localdb|Empty search 'and_(and_(tags('e:80611'), tags('r:1'), tags('raw')), tag('gdp'))' for 'treprosu_s
00:00:13.244|WARNING|localdb|Empty search 'and_(and_(tags('e:80611'), tags('r:1'), tags('raw')), tag('gdp'))' for 'treprosu_t
